<?xml version="1.0" encoding="UTF-8"?>
<robot generator="Robot 7.4.2 (Python 3.14.2 on win32)" generated="2026-04-06T20:22:18.102553" rpa="false" schemaversion="5">
<suite id="s1" name="Teht4" source="C:\Users\nice.pavliuk\Sakarin harjoitukset\Projekti\teht4.robot">
<test id="s1-t1" name="Uuden Paivakirjamerkinnan Lisays" line="6">
<kw name="New Browser" owner="Browser">
<msg time="2026-04-06T20:22:18.754096" level="INFO">{"browser": "chromium", "headless": false, "chromiumSandbox": false, "devtools": false, "handleSIGHUP": true, "handleSIGINT": true, "handleSIGTERM": true, "slowMo": 0.0, "timeout": 30000.0, "tracesDir": "C:\\Users\\nice.pavliuk\\Sakarin harjoitukset\\Projekti\\outputs\\teht4_final\\browser\\traces\\temp\\5004e8fe-7803-4e73-929a-3c199aae9fcc"}</msg>
<msg time="2026-04-06T20:22:18.806714" level="INFO">Starting Browser process C:\Users\nice.pavliuk\AppData\Roaming\Python\Python314\site-packages\Browser\wrapper\index.js using at 127.0.0.1:58892</msg>
<msg time="2026-04-06T20:22:21.249650" level="INFO">Successfully created browser with options: {"browser":"chromium","headless":false,"chromiumSandbox":false,"devtools":false,"handleSIGHUP":true,"handleSIGINT":true,"handleSIGTERM":true,"slowMo":0,"timeout":30000,"tracesDir":"C:\\Users\\nice.pavliuk\\Sakarin harjoitukset\\Projekti\\outputs\\teht4_final\\browser\\traces\\temp\\5004e8fe-7803-4e73-929a-3c199aae9fcc"}</msg>
<arg>chromium</arg>
<arg>headless=No</arg>
<tag>BrowserControl</tag>
<tag>Setter</tag>
<doc>Create a new playwright Browser with specified options.</doc>
<status status="PASS" start="2026-04-06T20:22:18.751977" elapsed="2.498016"/>
</kw>
<kw name="New Page" owner="Browser">
<msg time="2026-04-06T20:22:21.968594" level="INFO">Successfully initialized new page object and opened url: http://localhost:5173/src/html/login.html</msg>
<msg time="2026-04-06T20:22:21.968694" level="INFO">No context was open. New context was automatically opened when this page is created.</msg>
<arg>http://localhost:5173/src/html/login.html</arg>
<tag>BrowserControl</tag>
<tag>Setter</tag>
<doc>Open a new Page.</doc>
<status status="PASS" start="2026-04-06T20:22:21.295535" elapsed="0.673356"/>
</kw>
<kw name="Type Text" owner="Browser">
<msg time="2026-04-06T20:22:22.005716" level="INFO">Types the text 'dada' in the given field.</msg>
<arg>id=username</arg>
<arg>${Username}</arg>
<arg>delay=0.1 s</arg>
<tag>PageContent</tag>
<tag>Setter</tag>
<doc>Types the given ``txt`` into the text field found by ``selector``.</doc>
<status status="PASS" start="2026-04-06T20:22:22.004718" elapsed="0.592255"/>
</kw>
<kw name="Type Secret" owner="Browser">
<arg>id=password</arg>
<arg>$Password</arg>
<tag>PageContent</tag>
<tag>Setter</tag>
<doc>Types the given secret from ``variable_name`` into the text field
found by ``selector``.</doc>
<status status="PASS" start="2026-04-06T20:22:22.644798" elapsed="0.040520"/>
</kw>
<kw name="Click" owner="Browser">
<msg time="2026-04-06T20:22:22.755789" level="INFO">Clicks the element 'button[type="submit"]'.</msg>
<arg>button[type="submit"]</arg>
<tag>PageContent</tag>
<tag>Setter</tag>
<doc>Simulates mouse click on the element found by ``selector``.</doc>
<status status="PASS" start="2026-04-06T20:22:22.755051" elapsed="0.035396"/>
</kw>
<kw name="Go To" owner="Keywords">
<kw name="New Page" owner="Browser">
<msg time="2026-04-06T20:22:23.532953" level="INFO">Successfully initialized new page object and opened url: http://localhost:5173/src/html/paivakirja.html</msg>
<arg>${url}</arg>
<tag>BrowserControl</tag>
<tag>Setter</tag>
<doc>Open a new Page.</doc>
<status status="PASS" start="2026-04-06T20:22:22.848138" elapsed="0.685211"/>
</kw>
<arg>http://localhost:5173/src/html/paivakirja.html</arg>
<status status="PASS" start="2026-04-06T20:22:22.847496" elapsed="0.686077"/>
</kw>
<kw name="Click" owner="Keywords">
<kw name="Click" owner="Browser">
<msg time="2026-04-06T20:22:23.536359" level="INFO">Clicks the element '"#newEntryBtn"'.</msg>
<msg time="2026-04-06T20:22:33.693283" level="INFO" html="true">&lt;/td&gt;&lt;/tr&gt;&lt;tr&gt;&lt;td colspan="3"&gt;&lt;a href="browser/screenshot/fail-screenshot-1.png" target="_blank"&gt;&lt;img src="browser/screenshot/fail-screenshot-1.png" width="800px"/&gt;&lt;/a&gt;</msg>
<msg time="2026-04-06T20:22:33.693480" level="INFO">See also file:///C:/Users/nice.pavliuk/Sakarin%20harjoitukset/Projekti/outputs/teht4_final/playwright-log.txt for additional details.</msg>
<msg time="2026-04-06T20:22:33.693930" level="FAIL">TimeoutError: locator.click: Timeout 10000ms exceeded.
Call log:
  - waiting for locator('text="#newEntryBtn"')
</msg>
<arg>${locator}</arg>
<tag>PageContent</tag>
<tag>Setter</tag>
<doc>Simulates mouse click on the element found by ``selector``.</doc>
<status status="FAIL" start="2026-04-06T20:22:23.535524" elapsed="10.164557">TimeoutError: locator.click: Timeout 10000ms exceeded.
Call log:
  - waiting for locator('text="#newEntryBtn"')
</status>
</kw>
<arg>"#newEntryBtn"</arg>
<status status="FAIL" start="2026-04-06T20:22:23.534814" elapsed="10.165510">TimeoutError: locator.click: Timeout 10000ms exceeded.
Call log:
  - waiting for locator('text="#newEntryBtn"')
</status>
</kw>
<kw name="Wait Until Page Contains Element" owner="Keywords">
<arg>css:#entryForm</arg>
<status status="NOT RUN" start="2026-04-06T20:22:33.700739" elapsed="0.000196"/>
</kw>
<kw name="Type Text" owner="Browser">
<arg>id=sleep</arg>
<arg>7.5</arg>
<arg>delay=0.1 s</arg>
<tag>PageContent</tag>
<tag>Setter</tag>
<doc>Types the given ``txt`` into the text field found by ``selector``.</doc>
<status status="NOT RUN" start="2026-04-06T20:22:33.701214" elapsed="0.000158"/>
</kw>
<kw name="Select Options By" owner="Browser">
<arg>id=mood</arg>
<arg>value</arg>
<arg>hyva</arg>
<tag>PageContent</tag>
<tag>Setter</tag>
<doc>Selects options from select element found by ``selector``.</doc>
<status status="NOT RUN" start="2026-04-06T20:22:33.701758" elapsed="0.000152"/>
</kw>
<kw name="Type Text" owner="Browser">
<arg>id=comment</arg>
<arg>Testi sujui hyvin!</arg>
<arg>delay=0.1 s</arg>
<tag>PageContent</tag>
<tag>Setter</tag>
<doc>Types the given ``txt`` into the text field found by ``selector``.</doc>
<status status="NOT RUN" start="2026-04-06T20:22:33.702173" elapsed="0.000142"/>
</kw>
<kw name="Click" owner="Keywords">
<arg>"#saveEntryBtn"</arg>
<status status="NOT RUN" start="2026-04-06T20:22:33.702618" elapsed="0.000146"/>
</kw>
<kw name="Sleep" owner="BuiltIn">
<arg>2s</arg>
<doc>Pauses the test executed for the given time.</doc>
<status status="NOT RUN" start="2026-04-06T20:22:33.703008" elapsed="0.000143"/>
</kw>
<msg time="2026-04-06T20:22:33.723512" level="INFO">Switching context to context=36851b63-5a47-4a55-907a-a9b17b5c4c9e in CURRENT</msg>
<msg time="2026-04-06T20:22:33.731750" level="INFO">Successfully changed active context: context=36851b63-5a47-4a55-907a-a9b17b5c4c9e</msg>
<msg time="2026-04-06T20:22:33.751956" level="INFO">Successfully closed Context</msg>
<status status="FAIL" start="2026-04-06T20:22:18.749525" elapsed="14.953951">TimeoutError: locator.click: Timeout 10000ms exceeded.
Call log:
  - waiting for locator('text="#newEntryBtn"')
</status>
</test>
<status status="FAIL" start="2026-04-06T20:22:18.105315" elapsed="15.647779"/>
</suite>
<statistics>
<total>
<stat pass="0" fail="1" skip="0">All Tests</stat>
</total>
<tag>
</tag>
<suite>
<stat name="Teht4" id="s1" pass="0" fail="1" skip="0">Teht4</stat>
</suite>
</statistics>
<errors>
</errors>
</robot>
