<?xml version="1.0" encoding="UTF-8"?>
<robot generator="Robot 7.4.2 (Python 3.14.2 on win32)" generated="2026-04-06T20:24:14.403804" rpa="false" schemaversion="5">
<suite id="s1" name="Teht4" source="C:\Users\nice.pavliuk\Sakarin harjoitukset\Projekti\teht4.robot">
<test id="s1-t1" name="Uuden Paivakirjamerkinnan Lisays" line="6">
<kw name="New Browser" owner="Browser">
<msg time="2026-04-06T20:24:14.978939" level="INFO">{"browser": "chromium", "headless": false, "chromiumSandbox": false, "devtools": false, "handleSIGHUP": true, "handleSIGINT": true, "handleSIGTERM": true, "slowMo": 0.0, "timeout": 30000.0, "tracesDir": "C:\\Users\\nice.pavliuk\\Sakarin harjoitukset\\Projekti\\outputs\\teht4_new\\browser\\traces\\temp\\5b6c802d-3ac0-44ed-9a4f-8793b7bb7f40"}</msg>
<msg time="2026-04-06T20:24:15.023360" level="INFO">Starting Browser process C:\Users\nice.pavliuk\AppData\Roaming\Python\Python314\site-packages\Browser\wrapper\index.js using at 127.0.0.1:58992</msg>
<msg time="2026-04-06T20:24:17.495284" level="INFO">Successfully created browser with options: {"browser":"chromium","headless":false,"chromiumSandbox":false,"devtools":false,"handleSIGHUP":true,"handleSIGINT":true,"handleSIGTERM":true,"slowMo":0,"timeout":30000,"tracesDir":"C:\\Users\\nice.pavliuk\\Sakarin harjoitukset\\Projekti\\outputs\\teht4_new\\browser\\traces\\temp\\5b6c802d-3ac0-44ed-9a4f-8793b7bb7f40"}</msg>
<arg>chromium</arg>
<arg>headless=No</arg>
<tag>BrowserControl</tag>
<tag>Setter</tag>
<doc>Create a new playwright Browser with specified options.</doc>
<status status="PASS" start="2026-04-06T20:24:14.977689" elapsed="2.517802"/>
</kw>
<kw name="New Page" owner="Browser">
<msg time="2026-04-06T20:24:18.038222" level="INFO">Successfully initialized new page object and opened url: http://localhost:5173/src/html/login.html</msg>
<msg time="2026-04-06T20:24:18.038317" level="INFO">No context was open. New context was automatically opened when this page is created.</msg>
<arg>http://localhost:5173/src/html/login.html</arg>
<tag>BrowserControl</tag>
<tag>Setter</tag>
<doc>Open a new Page.</doc>
<status status="PASS" start="2026-04-06T20:24:17.503144" elapsed="0.535357"/>
</kw>
<kw name="Type Text" owner="Browser">
<msg time="2026-04-06T20:24:18.054613" level="INFO">Types the text 'dada' in the given field.</msg>
<arg>id=username</arg>
<arg>${Username}</arg>
<arg>delay=0.1 s</arg>
<tag>PageContent</tag>
<tag>Setter</tag>
<doc>Types the given ``txt`` into the text field found by ``selector``.</doc>
<status status="PASS" start="2026-04-06T20:24:18.053651" elapsed="0.516015"/>
</kw>
<kw name="Type Secret" owner="Browser">
<arg>id=password</arg>
<arg>$Password</arg>
<tag>PageContent</tag>
<tag>Setter</tag>
<doc>Types the given secret from ``variable_name`` into the text field
found by ``selector``.</doc>
<status status="PASS" start="2026-04-06T20:24:18.570102" elapsed="0.031575"/>
</kw>
<kw name="Click" owner="Browser">
<msg time="2026-04-06T20:24:18.603086" level="INFO">Clicks the element 'button[type="submit"]'.</msg>
<arg>button[type="submit"]</arg>
<tag>PageContent</tag>
<tag>Setter</tag>
<doc>Simulates mouse click on the element found by ``selector``.</doc>
<status status="PASS" start="2026-04-06T20:24:18.602126" elapsed="0.060868"/>
</kw>
<kw name="Go To" owner="Keywords">
<kw name="New Page" owner="Browser">
<msg time="2026-04-06T20:24:18.866435" level="INFO">Successfully initialized new page object and opened url: http://localhost:5173/src/html/paivakirja.html</msg>
<arg>${url}</arg>
<tag>BrowserControl</tag>
<tag>Setter</tag>
<doc>Open a new Page.</doc>
<status status="PASS" start="2026-04-06T20:24:18.671922" elapsed="0.194733"/>
</kw>
<arg>http://localhost:5173/src/html/paivakirja.html</arg>
<status status="PASS" start="2026-04-06T20:24:18.670820" elapsed="0.196043"/>
</kw>
<kw name="Click" owner="Keywords">
<kw name="Click" owner="Browser">
<msg time="2026-04-06T20:24:18.878430" level="INFO">Clicks the element 'css:#newEntryBtn'.</msg>
<msg time="2026-04-06T20:24:19.076161" level="INFO" html="true">&lt;/td&gt;&lt;/tr&gt;&lt;tr&gt;&lt;td colspan="3"&gt;&lt;a href="browser/screenshot/fail-screenshot-1.png" target="_blank"&gt;&lt;img src="browser/screenshot/fail-screenshot-1.png" width="800px"/&gt;&lt;/a&gt;</msg>
<msg time="2026-04-06T20:24:19.076364" level="INFO">See also file:///C:/Users/nice.pavliuk/Sakarin%20harjoitukset/Projekti/outputs/teht4_new/playwright-log.txt for additional details.</msg>
<msg time="2026-04-06T20:24:19.076800" level="FAIL">Error: locator.click: Unexpected token "#newEntryBtn" while parsing css selector "css:#newEntryBtn". Did you mean to CSS.escape it?
Call log:
  - waiting for css:#newEntryBtn
</msg>
<arg>${locator}</arg>
<tag>PageContent</tag>
<tag>Setter</tag>
<doc>Simulates mouse click on the element found by ``selector``.</doc>
<status status="FAIL" start="2026-04-06T20:24:18.877736" elapsed="0.205374">Error: locator.click: Unexpected token "#newEntryBtn" while parsing css selector "css:#newEntryBtn". Did you mean to CSS.escape it?
Call log:
  - waiting for css:#newEntryBtn
</status>
</kw>
<arg>css:#newEntryBtn</arg>
<status status="FAIL" start="2026-04-06T20:24:18.877101" elapsed="0.206273">Error: locator.click: Unexpected token "#newEntryBtn" while parsing css selector "css:#newEntryBtn". Did you mean to CSS.escape it?
Call log:
  - waiting for css:#newEntryBtn
</status>
</kw>
<kw name="Wait Until Page Contains Element" owner="Keywords">
<arg>css:#entryForm</arg>
<status status="NOT RUN" start="2026-04-06T20:24:19.086893" elapsed="0.000256"/>
</kw>
<kw name="Type Text" owner="Browser">
<arg>id=sleep</arg>
<arg>7.5</arg>
<arg>delay=0.1 s</arg>
<tag>PageContent</tag>
<tag>Setter</tag>
<doc>Types the given ``txt`` into the text field found by ``selector``.</doc>
<status status="NOT RUN" start="2026-04-06T20:24:19.089381" elapsed="0.000243"/>
</kw>
<kw name="Select Options By" owner="Browser">
<arg>id=mood</arg>
<arg>value</arg>
<arg>hyva</arg>
<tag>PageContent</tag>
<tag>Setter</tag>
<doc>Selects options from select element found by ``selector``.</doc>
<status status="NOT RUN" start="2026-04-06T20:24:19.094170" elapsed="0.000241"/>
</kw>
<kw name="Type Text" owner="Browser">
<arg>id=comment</arg>
<arg>Testi sujui hyvin!</arg>
<arg>delay=0.1 s</arg>
<tag>PageContent</tag>
<tag>Setter</tag>
<doc>Types the given ``txt`` into the text field found by ``selector``.</doc>
<status status="NOT RUN" start="2026-04-06T20:24:19.094702" elapsed="0.000190"/>
</kw>
<kw name="Click" owner="Keywords">
<arg>css:#saveEntryBtn</arg>
<status status="NOT RUN" start="2026-04-06T20:24:19.095706" elapsed="0.000215"/>
</kw>
<kw name="Sleep" owner="BuiltIn">
<arg>2s</arg>
<doc>Pauses the test executed for the given time.</doc>
<status status="NOT RUN" start="2026-04-06T20:24:19.096462" elapsed="0.000197"/>
</kw>
<msg time="2026-04-06T20:24:19.129810" level="INFO">Switching context to context=3d6db6c1-b586-44bd-9913-3dfe45dba965 in CURRENT</msg>
<msg time="2026-04-06T20:24:19.137706" level="INFO">Successfully changed active context: context=3d6db6c1-b586-44bd-9913-3dfe45dba965</msg>
<msg time="2026-04-06T20:24:19.163407" level="INFO">Successfully closed Context</msg>
<status status="FAIL" start="2026-04-06T20:24:14.975562" elapsed="4.121462">Error: locator.click: Unexpected token "#newEntryBtn" while parsing css selector "css:#newEntryBtn". Did you mean to CSS.escape it?
Call log:
  - waiting for css:#newEntryBtn
</status>
</test>
<status status="FAIL" start="2026-04-06T20:24:14.407874" elapsed="4.779512"/>
</suite>
<statistics>
<total>
<stat pass="0" fail="1" skip="0">All Tests</stat>
</total>
<tag>
</tag>
<suite>
<stat name="Teht4" id="s1" pass="0" fail="1" skip="0">Teht4</stat>
</suite>
</statistics>
<errors>
</errors>
</robot>
