<?xml version="1.0" encoding="UTF-8"?>
<robot generator="Robot 7.4.2 (Python 3.14.2 on win32)" generated="2026-03-24T11:10:56.216319" rpa="false" schemaversion="5">
<suite id="s1" name="Browser Demo" source="C:\Users\nice.pavliuk\Desktop\Ulla2.0\k2026-hyte-projekti-vite\browser_demo.robot">
<test id="s1-t1" name="Test Login VitalFit" line="6">
<kw name="New Browser" owner="Browser">
<msg time="2026-03-24T11:10:58.069500" level="INFO">{"browser": "chromium", "headless": false, "chromiumSandbox": false, "devtools": false, "handleSIGHUP": true, "handleSIGINT": true, "handleSIGTERM": true, "slowMo": 0.0, "timeout": 30000.0, "tracesDir": "C:\\Users\\nice.pavliuk\\Desktop\\Ulla2.0\\k2026-hyte-projekti-vite\\browser\\traces\\temp\\5efa24fe-f5a2-490a-aff8-c90ca5e513d6"}</msg>
<msg time="2026-03-24T11:10:58.154431" level="INFO">Starting Browser process C:\Users\nice.pavliuk\AppData\Roaming\Python\Python314\site-packages\Browser\wrapper\index.js using at 127.0.0.1:51949</msg>
<msg time="2026-03-24T11:11:01.189712" level="INFO">Successfully created browser with options: {"browser":"chromium","headless":false,"chromiumSandbox":false,"devtools":false,"handleSIGHUP":true,"handleSIGINT":true,"handleSIGTERM":true,"slowMo":0,"timeout":30000,"tracesDir":"C:\\Users\\nice.pavliuk\\Desktop\\Ulla2.0\\k2026-hyte-projekti-vite\\browser\\traces\\temp\\5efa24fe-f5a2-490a-aff8-c90ca5e513d6"}</msg>
<arg>chromium</arg>
<arg>headless=No</arg>
<tag>BrowserControl</tag>
<tag>Setter</tag>
<doc>Create a new playwright Browser with specified options.</doc>
<status status="PASS" start="2026-03-24T11:10:58.068283" elapsed="3.121642"/>
</kw>
<kw name="New Page" owner="Browser">
<msg time="2026-03-24T11:11:01.967768" level="INFO">Successfully initialized new page object and opened url: http://localhost:5175/src/html/login.html</msg>
<msg time="2026-03-24T11:11:01.967879" level="INFO">No context was open. New context was automatically opened when this page is created.</msg>
<arg>http://localhost:5175/src/html/login.html</arg>
<tag>BrowserControl</tag>
<tag>Setter</tag>
<doc>Open a new Page.</doc>
<status status="PASS" start="2026-03-24T11:11:01.193821" elapsed="0.774275"/>
</kw>
<kw name="Get Title" owner="Browser">
<msg time="2026-03-24T11:11:01.991026" level="INFO">Title: 'Kirjaudu'</msg>
<arg>==</arg>
<arg>Kirjaudu</arg>
<tag>Assertion</tag>
<tag>Getter</tag>
<tag>PageContent</tag>
<doc>Returns the title of the current page.</doc>
<status status="PASS" start="2026-03-24T11:11:01.979243" elapsed="0.011987"/>
</kw>
<kw name="Type Text" owner="Browser">
<msg time="2026-03-24T11:11:01.993900" level="INFO">Types the text 'lolo' in the given field.</msg>
<arg>id=username</arg>
<arg>${Username}</arg>
<arg>delay=0.1 s</arg>
<tag>PageContent</tag>
<tag>Setter</tag>
<doc>Types the given ``txt`` into the text field found by ``selector``.</doc>
<status status="PASS" start="2026-03-24T11:11:01.992896" elapsed="0.532952"/>
</kw>
<kw name="Type Secret" owner="Browser">
<arg>id=password</arg>
<arg>$Password</arg>
<arg>delay=0.1 s</arg>
<tag>PageContent</tag>
<tag>Setter</tag>
<doc>Types the given secret from ``variable_name`` into the text field
found by ``selector``.</doc>
<status status="PASS" start="2026-03-24T11:11:02.526868" elapsed="0.540291"/>
</kw>
<kw name="Click" owner="Browser">
<msg time="2026-03-24T11:11:03.114683" level="INFO">Clicks the element 'button'.</msg>
<arg>button</arg>
<tag>PageContent</tag>
<tag>Setter</tag>
<doc>Simulates mouse click on the element found by ``selector``.</doc>
<status status="PASS" start="2026-03-24T11:11:03.112710" elapsed="0.062186"/>
</kw>
<kw name="Get Title" owner="Browser">
<msg time="2026-03-24T11:11:03.856205" level="INFO">Title: 'Kotisivu'</msg>
<arg>==</arg>
<arg>Kotisivu</arg>
<tag>Assertion</tag>
<tag>Getter</tag>
<tag>PageContent</tag>
<doc>Returns the title of the current page.</doc>
<status status="PASS" start="2026-03-24T11:11:03.196195" elapsed="0.660174"/>
</kw>
<status status="PASS" start="2026-03-24T11:10:58.038156" elapsed="5.894106"/>
</test>
<status status="PASS" start="2026-03-24T11:10:56.221044" elapsed="7.793460"/>
</suite>
<statistics>
<total>
<stat pass="1" fail="0" skip="0">All Tests</stat>
</total>
<tag>
</tag>
<suite>
<stat name="Browser Demo" id="s1" pass="1" fail="0" skip="0">Browser Demo</stat>
</suite>
</statistics>
<errors>
</errors>
</robot>
