<?xml version="1.0" encoding="UTF-8"?>
<robot generator="Robot 7.4.2 (Python 3.14.2 on win32)" generated="2026-04-06T21:18:29.436760" rpa="false" schemaversion="5">
<suite id="s1" name="Teht6" source="C:\Users\nice.pavliuk\Sakarin harjoitukset\Projekti\testit\teht6.robot">
<test id="s1-t1" name="Kirjautuminen CryptoLibraryllä" line="7">
<kw name="Set Variable" owner="BuiltIn">
<msg time="2026-04-06T21:18:30.345231" level="INFO">${username} = crypt:fpJRNzMFdVANGTzfNY5FvV1XiQQTxmRnELIZZTHo6WmaQHKRlwLm0NtN7vpkjRnbmmiBHmw=</msg>
<var>${username}</var>
<arg>crypt:fpJRNzMFdVANGTzfNY5FvV1XiQQTxmRnELIZZTHo6WmaQHKRlwLm0NtN7vpkjRnbmmiBHmw=</arg>
<doc>Returns the given values which can then be assigned to a variables.</doc>
<status status="PASS" start="2026-04-06T21:18:30.344503" elapsed="0.000800"/>
</kw>
<kw name="Set Variable" owner="BuiltIn">
<msg time="2026-04-06T21:18:30.347594" level="INFO">${password} = crypt:/JMwg6z8xA+J0vAyxr7o+m7itH25Q5jPXi2cembX515bz5fi0A3/wN1xhksQyXvPzcV4Sw==</msg>
<var>${password}</var>
<arg>crypt:/JMwg6z8xA+J0vAyxr7o+m7itH25Q5jPXi2cembX515bz5fi0A3/wN1xhksQyXvPzcV4Sw==</arg>
<doc>Returns the given values which can then be assigned to a variables.</doc>
<status status="PASS" start="2026-04-06T21:18:30.346224" elapsed="0.001556"/>
</kw>
<kw name="New Browser" owner="Browser">
<msg time="2026-04-06T21:18:30.350042" level="INFO">{"browser": "chromium", "headless": false, "chromiumSandbox": false, "devtools": false, "handleSIGHUP": true, "handleSIGINT": true, "handleSIGTERM": true, "slowMo": 0.0, "timeout": 30000.0, "tracesDir": "C:\\Users\\nice.pavliuk\\Sakarin harjoitukset\\Projekti\\outputs\\teht6\\browser\\traces\\temp\\e64e52be-875a-4a7f-98cb-4347791264ae"}</msg>
<msg time="2026-04-06T21:18:30.397509" level="INFO">Starting Browser process C:\Users\nice.pavliuk\AppData\Roaming\Python\Python314\site-packages\Browser\wrapper\index.js using at 127.0.0.1:61317</msg>
<msg time="2026-04-06T21:18:32.649405" level="INFO">Successfully created browser with options: {"browser":"chromium","headless":false,"chromiumSandbox":false,"devtools":false,"handleSIGHUP":true,"handleSIGINT":true,"handleSIGTERM":true,"slowMo":0,"timeout":30000,"tracesDir":"C:\\Users\\nice.pavliuk\\Sakarin harjoitukset\\Projekti\\outputs\\teht6\\browser\\traces\\temp\\e64e52be-875a-4a7f-98cb-4347791264ae"}</msg>
<arg>chromium</arg>
<arg>headless=No</arg>
<tag>BrowserControl</tag>
<tag>Setter</tag>
<doc>Create a new playwright Browser with specified options.</doc>
<status status="PASS" start="2026-04-06T21:18:30.348479" elapsed="2.301139"/>
</kw>
<kw name="New Page" owner="Browser">
<msg time="2026-04-06T21:18:33.221759" level="INFO">Successfully initialized new page object and opened url: http://localhost:5173/src/html/login.html</msg>
<msg time="2026-04-06T21:18:33.221863" level="INFO">No context was open. New context was automatically opened when this page is created.</msg>
<arg>http://localhost:5173/src/html/login.html</arg>
<tag>BrowserControl</tag>
<tag>Setter</tag>
<doc>Open a new Page.</doc>
<status status="PASS" start="2026-04-06T21:18:32.678226" elapsed="0.543836"/>
</kw>
<kw name="Type Text" owner="Browser">
<msg time="2026-04-06T21:18:33.226084" level="INFO">Types the text 'crypt:fpJRNzMFdVANGTzfNY5FvV1XiQQTxmRnELIZZTHo6WmaQHKRlwLm0NtN7vpkjRnbmmiBHmw=' in the given field.</msg>
<arg>id=username</arg>
<arg>${username}</arg>
<arg>delay=0.1 s</arg>
<tag>PageContent</tag>
<tag>Setter</tag>
<doc>Types the given ``txt`` into the text field found by ``selector``.</doc>
<status status="PASS" start="2026-04-06T21:18:33.225060" elapsed="9.113942"/>
</kw>
<kw name="Type Secret" owner="Browser">
<arg>id=password</arg>
<arg>$password</arg>
<tag>PageContent</tag>
<tag>Setter</tag>
<doc>Types the given secret from ``variable_name`` into the text field
found by ``selector``.</doc>
<status status="PASS" start="2026-04-06T21:18:42.339772" elapsed="0.200893"/>
</kw>
<kw name="Click" owner="Browser">
<msg time="2026-04-06T21:18:42.541838" level="INFO">Clicks the element 'button[type="submit"]'.</msg>
<arg>button[type="submit"]</arg>
<tag>PageContent</tag>
<tag>Setter</tag>
<doc>Simulates mouse click on the element found by ``selector``.</doc>
<status status="PASS" start="2026-04-06T21:18:42.541110" elapsed="0.047333"/>
</kw>
<kw name="Sleep" owner="BuiltIn">
<msg time="2026-04-06T21:18:44.589902" level="INFO">Slept 2 seconds.</msg>
<arg>2s</arg>
<doc>Pauses the test executed for the given time.</doc>
<status status="PASS" start="2026-04-06T21:18:42.588833" elapsed="2.001194"/>
</kw>
<msg time="2026-04-06T21:18:44.606035" level="INFO">Switching context to context=d5f307a2-1789-4783-aa7d-7aa78b7d8b1c in CURRENT</msg>
<msg time="2026-04-06T21:18:44.615130" level="INFO">Successfully changed active context: context=d5f307a2-1789-4783-aa7d-7aa78b7d8b1c</msg>
<msg time="2026-04-06T21:18:44.638315" level="INFO">Successfully closed Context</msg>
<status status="PASS" start="2026-04-06T21:18:30.335372" elapsed="14.255198"/>
</test>
<status status="PASS" start="2026-04-06T21:18:29.440389" elapsed="15.200155"/>
</suite>
<statistics>
<total>
<stat pass="1" fail="0" skip="0">All Tests</stat>
</total>
<tag>
</tag>
<suite>
<stat name="Teht6" id="s1" pass="1" fail="0" skip="0">Teht6</stat>
</suite>
</statistics>
<errors>
<msg time="2026-04-06T21:18:42.341934" level="WARN">No password found! Password must be set ahead!</msg>
</errors>
</robot>
