<?xml version="1.0" encoding="UTF-8"?>
<robot generator="Robot 7.4.2 (Python 3.14.2 on win32)" generated="2026-04-06T20:09:35.920455" rpa="false" schemaversion="5">
<suite id="s1" name="Teht4 Fixed" source="C:\Users\nice.pavliuk\Sakarin harjoitukset\Projekti\teht4_fixed.robot">
<test id="s1-t1" name="Uuden Päiväkirjamerkinnän Lisäys" line="11">
<kw name="New Browser" owner="Browser">
<msg time="2026-04-06T20:09:36.517743" level="INFO">{"browser": "chromium", "headless": false, "chromiumSandbox": false, "devtools": false, "handleSIGHUP": true, "handleSIGINT": true, "handleSIGTERM": true, "slowMo": 0.0, "timeout": 30000.0, "tracesDir": "C:\\Users\\nice.pavliuk\\Sakarin harjoitukset\\Projekti\\outputs\\dada4th_fixed\\browser\\traces\\temp\\a5846964-5699-47e7-96fe-4478a434791b"}</msg>
<msg time="2026-04-06T20:09:36.560283" level="INFO">Starting Browser process C:\Users\nice.pavliuk\AppData\Roaming\Python\Python314\site-packages\Browser\wrapper\index.js using at 127.0.0.1:58150</msg>
<msg time="2026-04-06T20:09:39.628946" level="INFO">Successfully created browser with options: {"browser":"chromium","headless":false,"chromiumSandbox":false,"devtools":false,"handleSIGHUP":true,"handleSIGINT":true,"handleSIGTERM":true,"slowMo":0,"timeout":30000,"tracesDir":"C:\\Users\\nice.pavliuk\\Sakarin harjoitukset\\Projekti\\outputs\\dada4th_fixed\\browser\\traces\\temp\\a5846964-5699-47e7-96fe-4478a434791b"}</msg>
<arg>chromium</arg>
<arg>headless=No</arg>
<tag>BrowserControl</tag>
<tag>Setter</tag>
<doc>Create a new playwright Browser with specified options.</doc>
<status status="PASS" start="2026-04-06T20:09:36.516774" elapsed="3.112372"/>
</kw>
<kw name="New Page" owner="Browser">
<msg time="2026-04-06T20:09:40.254673" level="INFO">Successfully initialized new page object and opened url: http://localhost:5173/src/html/login.html</msg>
<msg time="2026-04-06T20:09:40.254798" level="INFO">No context was open. New context was automatically opened when this page is created.</msg>
<arg>${VITE_URL}/login.html</arg>
<tag>BrowserControl</tag>
<tag>Setter</tag>
<doc>Open a new Page.</doc>
<status status="PASS" start="2026-04-06T20:09:39.644551" elapsed="0.610893"/>
</kw>
<kw name="Type Text" owner="Browser">
<msg time="2026-04-06T20:09:40.262672" level="INFO">Types the text 'dada' in the given field.</msg>
<arg>id=username</arg>
<arg>${USERNAME}</arg>
<arg>delay=0.5s</arg>
<tag>PageContent</tag>
<tag>Setter</tag>
<doc>Types the given ``txt`` into the text field found by ``selector``.</doc>
<status status="PASS" start="2026-04-06T20:09:40.261745" elapsed="2.115407"/>
</kw>
<kw name="Type Secret" owner="Browser">
<arg>id=password</arg>
<arg>$PASSWORD</arg>
<arg>delay=0.5s</arg>
<tag>PageContent</tag>
<tag>Setter</tag>
<doc>Types the given secret from ``variable_name`` into the text field
found by ``selector``.</doc>
<status status="PASS" start="2026-04-06T20:09:42.377558" elapsed="2.066461"/>
</kw>
<kw name="Click" owner="Browser">
<msg time="2026-04-06T20:09:44.447064" level="INFO">Clicks the element 'button[type="submit"]'.</msg>
<arg>button[type="submit"]</arg>
<tag>PageContent</tag>
<tag>Setter</tag>
<doc>Simulates mouse click on the element found by ``selector``.</doc>
<status status="PASS" start="2026-04-06T20:09:44.445152" elapsed="0.086856"/>
</kw>
<kw name="Sleep" owner="BuiltIn">
<msg time="2026-04-06T20:09:45.542350" level="INFO">Slept 1 second.</msg>
<arg>1s</arg>
<doc>Pauses the test executed for the given time.</doc>
<status status="PASS" start="2026-04-06T20:09:44.540373" elapsed="1.002247"/>
</kw>
<kw name="New Page" owner="Browser">
<msg time="2026-04-06T20:09:45.707421" level="INFO">Successfully initialized new page object and opened url: http://localhost:5173/src/html/paivakirja.html</msg>
<arg>${VITE_URL}/paivakirja.html</arg>
<tag>BrowserControl</tag>
<tag>Setter</tag>
<doc>Open a new Page.</doc>
<status status="PASS" start="2026-04-06T20:09:45.545115" elapsed="0.162536"/>
</kw>
<kw name="Wait For Elements State" owner="Browser">
<msg time="2026-04-06T20:09:45.710616" level="FAIL">Keyword 'Browser.Wait For Elements State' expected 1 to 4 arguments, got 0.</msg>
<tag>PageContent</tag>
<tag>Wait</tag>
<doc>Waits for the element found by ``selector`` to satisfy state option.</doc>
<status status="FAIL" start="2026-04-06T20:09:45.709805" elapsed="0.000916">Keyword 'Browser.Wait For Elements State' expected 1 to 4 arguments, got 0.</status>
</kw>
<kw name="Click" owner="Browser">
<tag>PageContent</tag>
<tag>Setter</tag>
<doc>Simulates mouse click on the element found by ``selector``.</doc>
<status status="NOT RUN" start="2026-04-06T20:09:45.711208" elapsed="0.000202"/>
</kw>
<kw name="Wait For Elements State" owner="Browser">
<tag>PageContent</tag>
<tag>Wait</tag>
<doc>Waits for the element found by ``selector`` to satisfy state option.</doc>
<status status="NOT RUN" start="2026-04-06T20:09:45.711826" elapsed="0.000194"/>
</kw>
<kw name="Type Text" owner="Browser">
<tag>PageContent</tag>
<tag>Setter</tag>
<doc>Types the given ``txt`` into the text field found by ``selector``.</doc>
<status status="NOT RUN" start="2026-04-06T20:09:45.712397" elapsed="0.000215"/>
</kw>
<kw name="Type Text" owner="Browser">
<tag>PageContent</tag>
<tag>Setter</tag>
<doc>Types the given ``txt`` into the text field found by ``selector``.</doc>
<status status="NOT RUN" start="2026-04-06T20:09:45.712982" elapsed="0.000199"/>
</kw>
<kw name="Click" owner="Browser">
<tag>PageContent</tag>
<tag>Setter</tag>
<doc>Simulates mouse click on the element found by ``selector``.</doc>
<status status="NOT RUN" start="2026-04-06T20:09:45.713607" elapsed="0.000198"/>
</kw>
<kw name="Sleep" owner="BuiltIn">
<arg>1s</arg>
<doc>Pauses the test executed for the given time.</doc>
<status status="NOT RUN" start="2026-04-06T20:09:45.714172" elapsed="0.000226"/>
</kw>
<kw name="Type Text" owner="Browser">
<tag>PageContent</tag>
<tag>Setter</tag>
<doc>Types the given ``txt`` into the text field found by ``selector``.</doc>
<status status="NOT RUN" start="2026-04-06T20:09:45.714752" elapsed="0.000217"/>
</kw>
<kw name="Select Options By" owner="Browser">
<tag>PageContent</tag>
<tag>Setter</tag>
<doc>Selects options from select element found by ``selector``.</doc>
<status status="NOT RUN" start="2026-04-06T20:09:45.715308" elapsed="0.000224"/>
</kw>
<kw name="Type Text" owner="Browser">
<tag>PageContent</tag>
<tag>Setter</tag>
<doc>Types the given ``txt`` into the text field found by ``selector``.</doc>
<status status="NOT RUN" start="2026-04-06T20:09:45.715845" elapsed="0.000197"/>
</kw>
<kw name="Click" owner="Browser">
<tag>PageContent</tag>
<tag>Setter</tag>
<doc>Simulates mouse click on the element found by ``selector``.</doc>
<status status="NOT RUN" start="2026-04-06T20:09:45.717057" elapsed="0.000828"/>
</kw>
<kw name="Sleep" owner="BuiltIn">
<arg>3s</arg>
<doc>Pauses the test executed for the given time.</doc>
<status status="NOT RUN" start="2026-04-06T20:09:45.720932" elapsed="0.000239"/>
</kw>
<kw name="Get Element Count" owner="Browser">
<var>${entries_count}</var>
<arg>.entry-box</arg>
<tag>Assertion</tag>
<tag>Getter</tag>
<tag>PageContent</tag>
<doc>Returns the count of elements found with ``selector``.</doc>
<status status="NOT RUN" start="2026-04-06T20:09:45.722329" elapsed="0.000248"/>
</kw>
<kw name="Should Be True" owner="BuiltIn">
<arg>${entries_count} &gt; 0</arg>
<doc>Fails if the given condition is not true.</doc>
<status status="NOT RUN" start="2026-04-06T20:09:45.723391" elapsed="0.000306"/>
</kw>
<kw name="Close Browser" owner="Keywords" type="TEARDOWN">
<kw name="Close Browser" owner="Keywords">
<kw name="Close Browser" owner="Keywords">
<kw name="Close Browser" owner="Keywords">
<kw name="Close Browser" owner="Keywords">
<kw name="Close Browser" owner="Keywords">
<kw name="Close Browser" owner="Keywords">
<kw name="Close Browser" owner="Keywords">
<kw name="Close Browser" owner="Keywords">
<kw name="Close Browser" owner="Keywords">
<kw name="Close Browser" owner="Keywords">
<kw name="Close Browser" owner="Keywords">
<kw name="Close Browser" owner="Keywords">
<kw name="Close Browser" owner="Keywords">
<kw name="Close Browser" owner="Keywords">
<kw name="Close Browser" owner="Keywords">
<kw name="Close Browser" owner="Keywords">
<kw name="Close Browser" owner="Keywords">
<kw name="Close Browser" owner="Keywords">
<kw name="Close Browser" owner="Keywords">
<kw name="Close Browser" owner="Keywords">
<kw name="Close Browser" owner="Keywords">
<kw name="Close Browser" owner="Keywords">
<kw name="Close Browser" owner="Keywords">
<kw name="Close Browser" owner="Keywords">
<kw name="Close Browser" owner="Keywords">
<kw name="Close Browser" owner="Keywords">
<kw name="Close Browser" owner="Keywords">
<kw name="Close Browser" owner="Keywords">
<kw name="Close Browser" owner="Keywords">
<kw name="Close Browser" owner="Keywords">
<kw name="Close Browser" owner="Keywords">
<kw name="Close Browser" owner="Keywords">
<kw name="Close Browser" owner="Keywords">
<kw name="Close Browser" owner="Keywords">
<kw name="Close Browser" owner="Keywords">
<kw name="Close Browser" owner="Keywords">
<kw name="Close Browser" owner="Keywords">
<kw name="Close Browser" owner="Keywords">
<kw name="Close Browser" owner="Keywords">
<kw name="Close Browser" owner="Keywords">
<kw name="Close Browser" owner="Keywords">
<kw name="Close Browser" owner="Keywords">
<kw name="Close Browser" owner="Keywords">
<kw name="Close Browser" owner="Keywords">
<kw name="Close Browser" owner="Keywords">
<kw name="Close Browser" owner="Keywords">
<kw name="Close Browser" owner="Keywords">
<kw name="Close Browser" owner="Keywords">
<kw name="Close Browser" owner="Keywords">
<kw name="Close Browser" owner="Keywords">
<kw name="Close Browser" owner="Keywords">
<kw name="Close Browser" owner="Keywords">
<kw name="Close Browser" owner="Keywords">
<kw name="Close Browser" owner="Keywords">
<kw name="Close Browser" owner="Keywords">
<kw name="Close Browser" owner="Keywords">
<kw name="Close Browser" owner="Keywords">
<kw name="Close Browser" owner="Keywords">
<kw name="Close Browser" owner="Keywords">
<kw name="Close Browser" owner="Keywords">
<kw name="Close Browser" owner="Keywords">
<kw name="Close Browser" owner="Keywords">
<kw name="Close Browser" owner="Keywords">
<kw name="Close Browser" owner="Keywords">
<kw name="Close Browser" owner="Keywords">
<kw name="Close Browser" owner="Keywords">
<kw name="Close Browser" owner="Keywords">
<kw name="Close Browser" owner="Keywords">
<kw name="Close Browser" owner="Keywords">
<kw name="Close Browser" owner="Keywords">
<kw name="Close Browser" owner="Keywords">
<kw name="Close Browser" owner="Keywords">
<kw name="Close Browser" owner="Keywords">
<kw name="Close Browser" owner="Keywords">
<kw name="Close Browser" owner="Keywords">
<kw name="Close Browser" owner="Keywords">
<kw name="Close Browser" owner="Keywords">
<kw name="Close Browser" owner="Keywords">
<kw name="Close Browser" owner="Keywords">
<kw name="Close Browser" owner="Keywords">
<kw name="Close Browser" owner="Keywords">
<kw name="Close Browser" owner="Keywords">
<kw name="Close Browser" owner="Keywords">
<kw name="Close Browser" owner="Keywords">
<kw name="Close Browser" owner="Keywords">
<kw name="Close Browser" owner="Keywords">
<kw name="Close Browser" owner="Keywords">
<kw name="Close Browser" owner="Keywords">
<kw name="Close Browser" owner="Keywords">
<kw name="Close Browser" owner="Keywords">
<kw name="Close Browser" owner="Keywords">
<kw name="Close Browser" owner="Keywords">
<kw name="Close Browser" owner="Keywords">
<kw name="Close Browser" owner="Keywords">
<kw name="Close Browser" owner="Keywords">
<kw name="Close Browser" owner="Keywords">
<kw name="Close Browser" owner="Keywords">
<kw name="Close Browser" owner="Keywords">
<kw name="Close Browser" owner="Keywords">
<kw name="Close Browser" owner="Keywords">
<kw name="Close Browser" owner="Keywords">
<kw name="Close Browser" owner="Keywords">
<kw name="Close Browser" owner="Keywords">
<kw name="Close Browser" owner="Keywords">
<kw name="Close Browser" owner="Keywords">
<kw name="Close Browser" owner="Keywords">
<kw name="Close Browser" owner="Keywords">
<kw name="Close Browser" owner="Keywords">
<kw name="Close Browser" owner="Keywords">
<kw name="Close Browser" owner="Keywords">
<kw name="Close Browser" owner="Keywords">
<kw name="Close Browser" owner="Keywords">
<kw name="Close Browser" owner="Keywords">
<kw name="Close Browser" owner="Keywords">
<kw name="Close Browser" owner="Keywords">
<kw name="Close Browser" owner="Keywords">
<kw name="Close Browser" owner="Keywords">
<kw name="Close Browser" owner="Keywords">
<kw name="Close Browser" owner="Keywords">
<kw name="Close Browser" owner="Keywords">
<kw name="Close Browser" owner="Keywords">
<kw name="Close Browser" owner="Keywords">
<kw name="Close Browser" owner="Keywords">
<kw name="Close Browser" owner="Keywords">
<kw name="Close Browser" owner="Keywords">
<kw name="Close Browser" owner="Keywords">
<kw name="Close Browser" owner="Keywords">
<kw name="Close Browser" owner="Keywords">
<kw name="Close Browser" owner="Keywords">
<kw name="Close Browser" owner="Keywords">
<kw name="Close Browser" owner="Keywords">
<kw name="Close Browser" owner="Keywords">
<kw name="Close Browser" owner="Keywords">
<kw name="Close Browser" owner="Keywords">
<kw name="Close Browser" owner="Keywords">
<kw name="Close Browser" owner="Keywords">
<kw name="Close Browser" owner="Keywords">
<kw name="Close Browser" owner="Keywords">
<kw name="Close Browser" owner="Keywords">
<kw name="Close Browser" owner="Keywords">
<kw name="Close Browser" owner="Keywords">
<kw name="Close Browser" owner="Keywords">
<kw name="Close Browser" owner="Keywords">
<kw name="Close Browser" owner="Keywords">
<kw name="Close Browser" owner="Keywords">
<kw name="Close Browser" owner="Keywords">
<msg time="2026-04-06T20:09:45.816420" level="FAIL">Recursive execution stopped.</msg>
<status status="FAIL" start="2026-04-06T20:09:45.815753" elapsed="0.000726">Recursive execution stopped.</status>
</kw>
<status status="FAIL" start="2026-04-06T20:09:45.815303" elapsed="0.003828">Recursive execution stopped.</status>
</kw>
<status status="FAIL" start="2026-04-06T20:09:45.814759" elapsed="0.005008">Recursive execution stopped.</status>
</kw>
<status status="FAIL" start="2026-04-06T20:09:45.813649" elapsed="0.006697">Recursive execution stopped.</status>
</kw>
<status status="FAIL" start="2026-04-06T20:09:45.813161" elapsed="0.007809">Recursive execution stopped.</status>
</kw>
<status status="FAIL" start="2026-04-06T20:09:45.812716" elapsed="0.008654">Recursive execution stopped.</status>
</kw>
<status status="FAIL" start="2026-04-06T20:09:45.812244" elapsed="0.009517">Recursive execution stopped.</status>
</kw>
<status status="FAIL" start="2026-04-06T20:09:45.811708" elapsed="0.010436">Recursive execution stopped.</status>
</kw>
<status status="FAIL" start="2026-04-06T20:09:45.810857" elapsed="0.011659">Recursive execution stopped.</status>
</kw>
<status status="FAIL" start="2026-04-06T20:09:45.810440" elapsed="0.012445">Recursive execution stopped.</status>
</kw>
<status status="FAIL" start="2026-04-06T20:09:45.810016" elapsed="0.013261">Recursive execution stopped.</status>
</kw>
<status status="FAIL" start="2026-04-06T20:09:45.809602" elapsed="0.014056">Recursive execution stopped.</status>
</kw>
<status status="FAIL" start="2026-04-06T20:09:45.809181" elapsed="0.014847">Recursive execution stopped.</status>
</kw>
<status status="FAIL" start="2026-04-06T20:09:45.808764" elapsed="0.015628">Recursive execution stopped.</status>
</kw>
<status status="FAIL" start="2026-04-06T20:09:45.808338" elapsed="0.016414">Recursive execution stopped.</status>
</kw>
<status status="FAIL" start="2026-04-06T20:09:45.807905" elapsed="0.017206">Recursive execution stopped.</status>
</kw>
<status status="FAIL" start="2026-04-06T20:09:45.807100" elapsed="0.018463">Recursive execution stopped.</status>
</kw>
<status status="FAIL" start="2026-04-06T20:09:45.806534" elapsed="0.019540">Recursive execution stopped.</status>
</kw>
<status status="FAIL" start="2026-04-06T20:09:45.806120" elapsed="0.020405">Recursive execution stopped.</status>
</kw>
<status status="FAIL" start="2026-04-06T20:09:45.805700" elapsed="0.021205">Recursive execution stopped.</status>
</kw>
<status status="FAIL" start="2026-04-06T20:09:45.805282" elapsed="0.021982">Recursive execution stopped.</status>
</kw>
<status status="FAIL" start="2026-04-06T20:09:45.804849" elapsed="0.022764">Recursive execution stopped.</status>
</kw>
<status status="FAIL" start="2026-04-06T20:09:45.804426" elapsed="0.023535">Recursive execution stopped.</status>
</kw>
<status status="FAIL" start="2026-04-06T20:09:45.803996" elapsed="0.024312">Recursive execution stopped.</status>
</kw>
<status status="FAIL" start="2026-04-06T20:09:45.803482" elapsed="0.025165">Recursive execution stopped.</status>
</kw>
<status status="FAIL" start="2026-04-06T20:09:45.802905" elapsed="0.026084">Recursive execution stopped.</status>
</kw>
<status status="FAIL" start="2026-04-06T20:09:45.799840" elapsed="0.029485">Recursive execution stopped.</status>
</kw>
<status status="FAIL" start="2026-04-06T20:09:45.799403" elapsed="0.030262">Recursive execution stopped.</status>
</kw>
<status status="FAIL" start="2026-04-06T20:09:45.798974" elapsed="0.031028">Recursive execution stopped.</status>
</kw>
<status status="FAIL" start="2026-04-06T20:09:45.798298" elapsed="0.032135">Recursive execution stopped.</status>
</kw>
<status status="FAIL" start="2026-04-06T20:09:45.797460" elapsed="0.033328">Recursive execution stopped.</status>
</kw>
<status status="FAIL" start="2026-04-06T20:09:45.797039" elapsed="0.034125">Recursive execution stopped.</status>
</kw>
<status status="FAIL" start="2026-04-06T20:09:45.796604" elapsed="0.034893">Recursive execution stopped.</status>
</kw>
<status status="FAIL" start="2026-04-06T20:09:45.795988" elapsed="0.035835">Recursive execution stopped.</status>
</kw>
<status status="FAIL" start="2026-04-06T20:09:45.795567" elapsed="0.036582">Recursive execution stopped.</status>
</kw>
<status status="FAIL" start="2026-04-06T20:09:45.795164" elapsed="0.037308">Recursive execution stopped.</status>
</kw>
<status status="FAIL" start="2026-04-06T20:09:45.794754" elapsed="0.038043">Recursive execution stopped.</status>
</kw>
<status status="FAIL" start="2026-04-06T20:09:45.794340" elapsed="0.038780">Recursive execution stopped.</status>
</kw>
<status status="FAIL" start="2026-04-06T20:09:45.793930" elapsed="0.041535">Recursive execution stopped.</status>
</kw>
<status status="FAIL" start="2026-04-06T20:09:45.793516" elapsed="0.042500">Recursive execution stopped.</status>
</kw>
<status status="FAIL" start="2026-04-06T20:09:45.793099" elapsed="0.043291">Recursive execution stopped.</status>
</kw>
<status status="FAIL" start="2026-04-06T20:09:45.792662" elapsed="0.044058">Recursive execution stopped.</status>
</kw>
<status status="FAIL" start="2026-04-06T20:09:45.792154" elapsed="0.045001">Recursive execution stopped.</status>
</kw>
<status status="FAIL" start="2026-04-06T20:09:45.791097" elapsed="0.046404">Recursive execution stopped.</status>
</kw>
<status status="FAIL" start="2026-04-06T20:09:45.790643" elapsed="0.047324">Recursive execution stopped.</status>
</kw>
<status status="FAIL" start="2026-04-06T20:09:45.790221" elapsed="0.048063">Recursive execution stopped.</status>
</kw>
<status status="FAIL" start="2026-04-06T20:09:45.789811" elapsed="0.048779">Recursive execution stopped.</status>
</kw>
<status status="FAIL" start="2026-04-06T20:09:45.789393" elapsed="0.049501">Recursive execution stopped.</status>
</kw>
<status status="FAIL" start="2026-04-06T20:09:45.788968" elapsed="0.050226">Recursive execution stopped.</status>
</kw>
<status status="FAIL" start="2026-04-06T20:09:45.788498" elapsed="0.050998">Recursive execution stopped.</status>
</kw>
<status status="FAIL" start="2026-04-06T20:09:45.787774" elapsed="0.052019">Recursive execution stopped.</status>
</kw>
<status status="FAIL" start="2026-04-06T20:09:45.787086" elapsed="0.053003">Recursive execution stopped.</status>
</kw>
<status status="FAIL" start="2026-04-06T20:09:45.786373" elapsed="0.054005">Recursive execution stopped.</status>
</kw>
<status status="FAIL" start="2026-04-06T20:09:45.782896" elapsed="0.057768">Recursive execution stopped.</status>
</kw>
<status status="FAIL" start="2026-04-06T20:09:45.782433" elapsed="0.058588">Recursive execution stopped.</status>
</kw>
<status status="FAIL" start="2026-04-06T20:09:45.781775" elapsed="0.059601">Recursive execution stopped.</status>
</kw>
<status status="FAIL" start="2026-04-06T20:09:45.780513" elapsed="0.061253">Recursive execution stopped.</status>
</kw>
<status status="FAIL" start="2026-04-06T20:09:45.779966" elapsed="0.062159">Recursive execution stopped.</status>
</kw>
<status status="FAIL" start="2026-04-06T20:09:45.779564" elapsed="0.062866">Recursive execution stopped.</status>
</kw>
<status status="FAIL" start="2026-04-06T20:09:45.779163" elapsed="0.063551">Recursive execution stopped.</status>
</kw>
<status status="FAIL" start="2026-04-06T20:09:45.778753" elapsed="0.064239">Recursive execution stopped.</status>
</kw>
<status status="FAIL" start="2026-04-06T20:09:45.778350" elapsed="0.064916">Recursive execution stopped.</status>
</kw>
<status status="FAIL" start="2026-04-06T20:09:45.777943" elapsed="0.065592">Recursive execution stopped.</status>
</kw>
<status status="FAIL" start="2026-04-06T20:09:45.777533" elapsed="0.066272">Recursive execution stopped.</status>
</kw>
<status status="FAIL" start="2026-04-06T20:09:45.777120" elapsed="0.066954">Recursive execution stopped.</status>
</kw>
<status status="FAIL" start="2026-04-06T20:09:45.776710" elapsed="0.067630">Recursive execution stopped.</status>
</kw>
<status status="FAIL" start="2026-04-06T20:09:45.776303" elapsed="0.068304">Recursive execution stopped.</status>
</kw>
<status status="FAIL" start="2026-04-06T20:09:45.775873" elapsed="0.069000">Recursive execution stopped.</status>
</kw>
<status status="FAIL" start="2026-04-06T20:09:45.775446" elapsed="0.069687">Recursive execution stopped.</status>
</kw>
<status status="FAIL" start="2026-04-06T20:09:45.774669" elapsed="0.070823">Recursive execution stopped.</status>
</kw>
<status status="FAIL" start="2026-04-06T20:09:45.773825" elapsed="0.071943">Recursive execution stopped.</status>
</kw>
<status status="FAIL" start="2026-04-06T20:09:45.773412" elapsed="0.072658">Recursive execution stopped.</status>
</kw>
<status status="FAIL" start="2026-04-06T20:09:45.772994" elapsed="0.073333">Recursive execution stopped.</status>
</kw>
<status status="FAIL" start="2026-04-06T20:09:45.772576" elapsed="0.074000">Recursive execution stopped.</status>
</kw>
<status status="FAIL" start="2026-04-06T20:09:45.772114" elapsed="0.074727">Recursive execution stopped.</status>
</kw>
<status status="FAIL" start="2026-04-06T20:09:45.771579" elapsed="0.075535">Recursive execution stopped.</status>
</kw>
<status status="FAIL" start="2026-04-06T20:09:45.770967" elapsed="0.076380">Recursive execution stopped.</status>
</kw>
<status status="FAIL" start="2026-04-06T20:09:45.770140" elapsed="0.077438">Recursive execution stopped.</status>
</kw>
<status status="FAIL" start="2026-04-06T20:09:45.769454" elapsed="0.078354">Recursive execution stopped.</status>
</kw>
<status status="FAIL" start="2026-04-06T20:09:45.766066" elapsed="0.082008">Recursive execution stopped.</status>
</kw>
<status status="FAIL" start="2026-04-06T20:09:45.765653" elapsed="0.082646">Recursive execution stopped.</status>
</kw>
<status status="FAIL" start="2026-04-06T20:09:45.765237" elapsed="0.083286">Recursive execution stopped.</status>
</kw>
<status status="FAIL" start="2026-04-06T20:09:45.764716" elapsed="0.084109">Recursive execution stopped.</status>
</kw>
<status status="FAIL" start="2026-04-06T20:09:45.763614" elapsed="0.085495">Recursive execution stopped.</status>
</kw>
<status status="FAIL" start="2026-04-06T20:09:45.763100" elapsed="0.086367">Recursive execution stopped.</status>
</kw>
<status status="FAIL" start="2026-04-06T20:09:45.762669" elapsed="0.087043">Recursive execution stopped.</status>
</kw>
<status status="FAIL" start="2026-04-06T20:09:45.762247" elapsed="0.089773">Recursive execution stopped.</status>
</kw>
<status status="FAIL" start="2026-04-06T20:09:45.761807" elapsed="0.090718">Recursive execution stopped.</status>
</kw>
<status status="FAIL" start="2026-04-06T20:09:45.761399" elapsed="0.091451">Recursive execution stopped.</status>
</kw>
<status status="FAIL" start="2026-04-06T20:09:45.760990" elapsed="0.092202">Recursive execution stopped.</status>
</kw>
<status status="FAIL" start="2026-04-06T20:09:45.760566" elapsed="0.092944">Recursive execution stopped.</status>
</kw>
<status status="FAIL" start="2026-04-06T20:09:45.760155" elapsed="0.093804">Recursive execution stopped.</status>
</kw>
<status status="FAIL" start="2026-04-06T20:09:45.759745" elapsed="0.094448">Recursive execution stopped.</status>
</kw>
<status status="FAIL" start="2026-04-06T20:09:45.759331" elapsed="0.095145">Recursive execution stopped.</status>
</kw>
<status status="FAIL" start="2026-04-06T20:09:45.758871" elapsed="0.095816">Recursive execution stopped.</status>
</kw>
<status status="FAIL" start="2026-04-06T20:09:45.758439" elapsed="0.096520">Recursive execution stopped.</status>
</kw>
<status status="FAIL" start="2026-04-06T20:09:45.757649" elapsed="0.097647">Recursive execution stopped.</status>
</kw>
<status status="FAIL" start="2026-04-06T20:09:45.757105" elapsed="0.098468">Recursive execution stopped.</status>
</kw>
<status status="FAIL" start="2026-04-06T20:09:45.756695" elapsed="0.099104">Recursive execution stopped.</status>
</kw>
<status status="FAIL" start="2026-04-06T20:09:45.756283" elapsed="0.099908">Recursive execution stopped.</status>
</kw>
<status status="FAIL" start="2026-04-06T20:09:45.755853" elapsed="0.100670">Recursive execution stopped.</status>
</kw>
<status status="FAIL" start="2026-04-06T20:09:45.755442" elapsed="0.101299">Recursive execution stopped.</status>
</kw>
<status status="FAIL" start="2026-04-06T20:09:45.755021" elapsed="0.101960">Recursive execution stopped.</status>
</kw>
<status status="FAIL" start="2026-04-06T20:09:45.754577" elapsed="0.102664">Recursive execution stopped.</status>
</kw>
<status status="FAIL" start="2026-04-06T20:09:45.754015" elapsed="0.103419">Recursive execution stopped.</status>
</kw>
<status status="FAIL" start="2026-04-06T20:09:45.753429" elapsed="0.104194">Recursive execution stopped.</status>
</kw>
<status status="FAIL" start="2026-04-06T20:09:45.749632" elapsed="0.108178">Recursive execution stopped.</status>
</kw>
<status status="FAIL" start="2026-04-06T20:09:45.749167" elapsed="0.108862">Recursive execution stopped.</status>
</kw>
<status status="FAIL" start="2026-04-06T20:09:45.748733" elapsed="0.109528">Recursive execution stopped.</status>
</kw>
<status status="FAIL" start="2026-04-06T20:09:45.748023" elapsed="0.110541">Recursive execution stopped.</status>
</kw>
<status status="FAIL" start="2026-04-06T20:09:45.747094" elapsed="0.111667">Recursive execution stopped.</status>
</kw>
<status status="FAIL" start="2026-04-06T20:09:45.746622" elapsed="0.112395">Recursive execution stopped.</status>
</kw>
<status status="FAIL" start="2026-04-06T20:09:45.746114" elapsed="0.113083">Recursive execution stopped.</status>
</kw>
<status status="FAIL" start="2026-04-06T20:09:45.745641" elapsed="0.113729">Recursive execution stopped.</status>
</kw>
<status status="FAIL" start="2026-04-06T20:09:45.745151" elapsed="0.114394">Recursive execution stopped.</status>
</kw>
<status status="FAIL" start="2026-04-06T20:09:45.744651" elapsed="0.115061">Recursive execution stopped.</status>
</kw>
<status status="FAIL" start="2026-04-06T20:09:45.744172" elapsed="0.115745">Recursive execution stopped.</status>
</kw>
<status status="FAIL" start="2026-04-06T20:09:45.743677" elapsed="0.116401">Recursive execution stopped.</status>
</kw>
<status status="FAIL" start="2026-04-06T20:09:45.743237" elapsed="0.116999">Recursive execution stopped.</status>
</kw>
<status status="FAIL" start="2026-04-06T20:09:45.742818" elapsed="0.117577">Recursive execution stopped.</status>
</kw>
<status status="FAIL" start="2026-04-06T20:09:45.742365" elapsed="0.118187">Recursive execution stopped.</status>
</kw>
<status status="FAIL" start="2026-04-06T20:09:45.741924" elapsed="0.118784">Recursive execution stopped.</status>
</kw>
<status status="FAIL" start="2026-04-06T20:09:45.741345" elapsed="0.119652">Recursive execution stopped.</status>
</kw>
<status status="FAIL" start="2026-04-06T20:09:45.740183" elapsed="0.120997">Recursive execution stopped.</status>
</kw>
<status status="FAIL" start="2026-04-06T20:09:45.739703" elapsed="0.121770">Recursive execution stopped.</status>
</kw>
<status status="FAIL" start="2026-04-06T20:09:45.739250" elapsed="0.122376">Recursive execution stopped.</status>
</kw>
<status status="FAIL" start="2026-04-06T20:09:45.738674" elapsed="0.123106">Recursive execution stopped.</status>
</kw>
<status status="FAIL" start="2026-04-06T20:09:45.737968" elapsed="0.123996">Recursive execution stopped.</status>
</kw>
<status status="FAIL" start="2026-04-06T20:09:45.737335" elapsed="0.124774">Recursive execution stopped.</status>
</kw>
<status status="FAIL" start="2026-04-06T20:09:45.736670" elapsed="0.125580">Recursive execution stopped.</status>
</kw>
<status status="FAIL" start="2026-04-06T20:09:45.735150" elapsed="0.127239">Recursive execution stopped.</status>
</kw>
<status status="FAIL" start="2026-04-06T20:09:45.733115" elapsed="0.129416">Recursive execution stopped.</status>
</kw>
<status status="FAIL" start="2026-04-06T20:09:45.732690" elapsed="0.129982">Recursive execution stopped.</status>
</kw>
<status status="FAIL" start="2026-04-06T20:09:45.732246" elapsed="0.130579">Recursive execution stopped.</status>
</kw>
<status status="FAIL" start="2026-04-06T20:09:45.731789" elapsed="0.131187">Recursive execution stopped.</status>
</kw>
<status status="FAIL" start="2026-04-06T20:09:45.731294" elapsed="0.131810">Recursive execution stopped.</status>
</kw>
<status status="FAIL" start="2026-04-06T20:09:45.730437" elapsed="0.132884">Recursive execution stopped.</status>
</kw>
<status status="FAIL" start="2026-04-06T20:09:45.729832" elapsed="0.133687">Recursive execution stopped.</status>
</kw>
<status status="FAIL" start="2026-04-06T20:09:45.729389" elapsed="0.134263">Recursive execution stopped.</status>
</kw>
<status status="FAIL" start="2026-04-06T20:09:45.728936" elapsed="0.134847">Recursive execution stopped.</status>
</kw>
<status status="FAIL" start="2026-04-06T20:09:45.728518" elapsed="0.135426">Recursive execution stopped.</status>
</kw>
<status status="FAIL" start="2026-04-06T20:09:45.728064" elapsed="0.136001">Recursive execution stopped.</status>
</kw>
<status status="FAIL" start="2026-04-06T20:09:45.727638" elapsed="0.136546">Recursive execution stopped.</status>
</kw>
<status status="FAIL" start="2026-04-06T20:09:45.727210" elapsed="0.137089">Recursive execution stopped.</status>
</kw>
<status status="FAIL" start="2026-04-06T20:09:45.726760" elapsed="0.137654">Recursive execution stopped.</status>
</kw>
<status status="FAIL" start="2026-04-06T20:09:45.726176" elapsed="0.138355">Recursive execution stopped.</status>
</kw>
<status status="FAIL" start="2026-04-06T20:09:45.725497" elapsed="0.139148">Recursive execution stopped.</status>
</kw>
<msg time="2026-04-06T20:09:45.889046" level="INFO">Switching context to context=49e0d5a9-8dd1-4f90-bb1c-e8f0dc3b18f0 in CURRENT</msg>
<msg time="2026-04-06T20:09:45.895000" level="INFO">Successfully changed active context: context=49e0d5a9-8dd1-4f90-bb1c-e8f0dc3b18f0</msg>
<msg time="2026-04-06T20:09:45.916057" level="INFO">Successfully closed Context</msg>
<status status="FAIL" start="2026-04-06T20:09:36.515451" elapsed="9.349416">Keyword 'Browser.Wait For Elements State' expected 1 to 4 arguments, got 0.

Also teardown failed:
Recursive execution stopped.</status>
</test>
<status status="FAIL" start="2026-04-06T20:09:35.923473" elapsed="9.997873"/>
</suite>
<statistics>
<total>
<stat pass="0" fail="1" skip="0">All Tests</stat>
</total>
<tag>
</tag>
<suite>
<stat name="Teht4 Fixed" id="s1" pass="0" fail="1" skip="0">Teht4 Fixed</stat>
</suite>
</statistics>
<errors>
</errors>
</robot>
