<?xml version="1.0" encoding="UTF-8"?>
<robot generator="Robot 7.4.2 (Python 3.14.2 on win32)" generated="2026-04-06T20:26:44.286884" rpa="false" schemaversion="5">
<suite id="s1" name="Teht4" source="C:\Users\nice.pavliuk\Sakarin harjoitukset\Projekti\teht4.robot">
<test id="s1-t1" name="Uuden Paivakirjamerkinnan Lisays" line="6">
<kw name="New Browser" owner="Browser">
<msg time="2026-04-06T20:26:44.917156" level="INFO">{"browser": "chromium", "headless": false, "chromiumSandbox": false, "devtools": false, "handleSIGHUP": true, "handleSIGINT": true, "handleSIGTERM": true, "slowMo": 0.0, "timeout": 30000.0, "tracesDir": "C:\\Users\\nice.pavliuk\\Sakarin harjoitukset\\Projekti\\outputs\\teht4_okei\\browser\\traces\\temp\\930807e8-b717-44eb-aaef-c92b4ee45391"}</msg>
<msg time="2026-04-06T20:26:44.962826" level="INFO">Starting Browser process C:\Users\nice.pavliuk\AppData\Roaming\Python\Python314\site-packages\Browser\wrapper\index.js using at 127.0.0.1:59112</msg>
<msg time="2026-04-06T20:26:47.405985" level="INFO">Successfully created browser with options: {"browser":"chromium","headless":false,"chromiumSandbox":false,"devtools":false,"handleSIGHUP":true,"handleSIGINT":true,"handleSIGTERM":true,"slowMo":0,"timeout":30000,"tracesDir":"C:\\Users\\nice.pavliuk\\Sakarin harjoitukset\\Projekti\\outputs\\teht4_okei\\browser\\traces\\temp\\930807e8-b717-44eb-aaef-c92b4ee45391"}</msg>
<arg>chromium</arg>
<arg>headless=No</arg>
<tag>BrowserControl</tag>
<tag>Setter</tag>
<doc>Create a new playwright Browser with specified options.</doc>
<status status="PASS" start="2026-04-06T20:26:44.915953" elapsed="2.490236"/>
</kw>
<kw name="New Page" owner="Browser">
<msg time="2026-04-06T20:26:47.954141" level="INFO">Successfully initialized new page object and opened url: http://localhost:5173/src/html/login.html</msg>
<msg time="2026-04-06T20:26:47.954233" level="INFO">No context was open. New context was automatically opened when this page is created.</msg>
<arg>http://localhost:5173/src/html/login.html</arg>
<tag>BrowserControl</tag>
<tag>Setter</tag>
<doc>Open a new Page.</doc>
<status status="PASS" start="2026-04-06T20:26:47.435895" elapsed="0.518520"/>
</kw>
<kw name="Type Text" owner="Browser">
<msg time="2026-04-06T20:26:47.972530" level="INFO">Types the text 'dada' in the given field.</msg>
<arg>id=username</arg>
<arg>${Username}</arg>
<arg>delay=0.1 s</arg>
<tag>PageContent</tag>
<tag>Setter</tag>
<doc>Types the given ``txt`` into the text field found by ``selector``.</doc>
<status status="PASS" start="2026-04-06T20:26:47.971469" elapsed="0.528670"/>
</kw>
<kw name="Type Secret" owner="Browser">
<arg>id=password</arg>
<arg>$Password</arg>
<tag>PageContent</tag>
<tag>Setter</tag>
<doc>Types the given secret from ``variable_name`` into the text field
found by ``selector``.</doc>
<status status="PASS" start="2026-04-06T20:26:48.501149" elapsed="0.065130"/>
</kw>
<kw name="Click" owner="Browser">
<msg time="2026-04-06T20:26:48.569000" level="INFO">Clicks the element 'button[type="submit"]'.</msg>
<arg>button[type="submit"]</arg>
<tag>PageContent</tag>
<tag>Setter</tag>
<doc>Simulates mouse click on the element found by ``selector``.</doc>
<status status="PASS" start="2026-04-06T20:26:48.568104" elapsed="0.043585"/>
</kw>
<kw name="Go To" owner="Keywords">
<kw name="New Page" owner="Browser">
<msg time="2026-04-06T20:26:48.784704" level="INFO">Successfully initialized new page object and opened url: http://localhost:5173/src/html/paivakirja.html</msg>
<arg>${url}</arg>
<tag>BrowserControl</tag>
<tag>Setter</tag>
<doc>Open a new Page.</doc>
<status status="PASS" start="2026-04-06T20:26:48.619541" elapsed="0.165380"/>
</kw>
<arg>http://localhost:5173/src/html/paivakirja.html</arg>
<status status="PASS" start="2026-04-06T20:26:48.618757" elapsed="0.166335"/>
</kw>
<kw name="Click" owner="Keywords">
<kw name="Click" owner="Browser">
<msg time="2026-04-06T20:26:48.818752" level="INFO">Clicks the element 'css:#newEntryBtn'.</msg>
<msg time="2026-04-06T20:26:49.005386" level="INFO" html="true">&lt;/td&gt;&lt;/tr&gt;&lt;tr&gt;&lt;td colspan="3"&gt;&lt;a href="browser/screenshot/fail-screenshot-1.png" target="_blank"&gt;&lt;img src="browser/screenshot/fail-screenshot-1.png" width="800px"/&gt;&lt;/a&gt;</msg>
<msg time="2026-04-06T20:26:49.005596" level="INFO">See also file:///C:/Users/nice.pavliuk/Sakarin%20harjoitukset/Projekti/outputs/teht4_okei/playwright-log.txt for additional details.</msg>
<msg time="2026-04-06T20:26:49.006040" level="FAIL">Error: locator.click: Unexpected token "#newEntryBtn" while parsing css selector "css:#newEntryBtn". Did you mean to CSS.escape it?
Call log:
  - waiting for css:#newEntryBtn
</msg>
<arg>${locator}</arg>
<tag>PageContent</tag>
<tag>Setter</tag>
<doc>Simulates mouse click on the element found by ``selector``.</doc>
<status status="FAIL" start="2026-04-06T20:26:48.818063" elapsed="0.195254">Error: locator.click: Unexpected token "#newEntryBtn" while parsing css selector "css:#newEntryBtn". Did you mean to CSS.escape it?
Call log:
  - waiting for css:#newEntryBtn
</status>
</kw>
<arg>css:#newEntryBtn</arg>
<status status="FAIL" start="2026-04-06T20:26:48.817430" elapsed="0.196179">Error: locator.click: Unexpected token "#newEntryBtn" while parsing css selector "css:#newEntryBtn". Did you mean to CSS.escape it?
Call log:
  - waiting for css:#newEntryBtn
</status>
</kw>
<kw name="Wait Until Page Contains Element" owner="Keywords">
<arg>css:#entryForm</arg>
<status status="NOT RUN" start="2026-04-06T20:26:49.014530" elapsed="0.000259"/>
</kw>
<kw name="Type Text" owner="Browser">
<arg>id=sleep</arg>
<arg>7.5</arg>
<arg>delay=0.1 s</arg>
<tag>PageContent</tag>
<tag>Setter</tag>
<doc>Types the given ``txt`` into the text field found by ``selector``.</doc>
<status status="NOT RUN" start="2026-04-06T20:26:49.015299" elapsed="0.000225"/>
</kw>
<kw name="Select Options By" owner="Browser">
<arg>id=mood</arg>
<arg>value</arg>
<arg>hyva</arg>
<tag>PageContent</tag>
<tag>Setter</tag>
<doc>Selects options from select element found by ``selector``.</doc>
<status status="NOT RUN" start="2026-04-06T20:26:49.015971" elapsed="0.000199"/>
</kw>
<kw name="Type Text" owner="Browser">
<arg>id=comment</arg>
<arg>Testi sujui hyvin!</arg>
<arg>delay=0.1 s</arg>
<tag>PageContent</tag>
<tag>Setter</tag>
<doc>Types the given ``txt`` into the text field found by ``selector``.</doc>
<status status="NOT RUN" start="2026-04-06T20:26:49.016480" elapsed="0.000204"/>
</kw>
<kw name="Click" owner="Keywords">
<arg>css:#saveEntryBtn</arg>
<status status="NOT RUN" start="2026-04-06T20:26:49.017039" elapsed="0.000205"/>
</kw>
<kw name="Sleep" owner="BuiltIn">
<arg>2s</arg>
<doc>Pauses the test executed for the given time.</doc>
<status status="NOT RUN" start="2026-04-06T20:26:49.018637" elapsed="0.000242"/>
</kw>
<msg time="2026-04-06T20:26:49.068895" level="INFO">Switching context to context=3dd1b2de-fa50-4764-aaf1-1f4c5ad18cb5 in CURRENT</msg>
<msg time="2026-04-06T20:26:49.076927" level="INFO">Successfully changed active context: context=3dd1b2de-fa50-4764-aaf1-1f4c5ad18cb5</msg>
<msg time="2026-04-06T20:26:49.103268" level="INFO">Successfully closed Context</msg>
<status status="FAIL" start="2026-04-06T20:26:44.913043" elapsed="4.109059">Error: locator.click: Unexpected token "#newEntryBtn" while parsing css selector "css:#newEntryBtn". Did you mean to CSS.escape it?
Call log:
  - waiting for css:#newEntryBtn
</status>
</test>
<status status="FAIL" start="2026-04-06T20:26:44.289968" elapsed="4.833988"/>
</suite>
<statistics>
<total>
<stat pass="0" fail="1" skip="0">All Tests</stat>
</total>
<tag>
</tag>
<suite>
<stat name="Teht4" id="s1" pass="0" fail="1" skip="0">Teht4</stat>
</suite>
</statistics>
<errors>
</errors>
</robot>
