<?xml version="1.0" encoding="UTF-8"?>
<robot generator="Robot 7.4.2 (Python 3.14.2 on win32)" generated="2026-05-03T23:06:49.260936" rpa="false" schemaversion="5">
<suite id="s1" name="Teht4" source="C:\Users\nice.pavliuk\Sakarin harjoitukset\testit\teht4.robot">
<test id="s1-t1" name="Uuden Paivakirjamerkinnan Lisays" line="6">
<kw name="New Browser" owner="Browser">
<msg time="2026-05-03T23:06:50.255015" level="INFO">{"browser": "chromium", "headless": false, "chromiumSandbox": false, "devtools": false, "handleSIGHUP": true, "handleSIGINT": true, "handleSIGTERM": true, "slowMo": 0.0, "timeout": 30000.0, "tracesDir": "C:\\Users\\nice.pavliuk\\Sakarin harjoitukset\\outputs\\teht4\\browser\\traces\\temp\\39c060ac-281a-4f58-88c8-7e9d5876007e"}</msg>
<msg time="2026-05-03T23:06:50.297432" level="INFO">Starting Browser process C:\Users\nice.pavliuk\AppData\Roaming\Python\Python314\site-packages\Browser\wrapper\index.js using at 127.0.0.1:54972</msg>
<msg time="2026-05-03T23:06:53.414540" level="INFO">Successfully created browser with options: {"browser":"chromium","headless":false,"chromiumSandbox":false,"devtools":false,"handleSIGHUP":true,"handleSIGINT":true,"handleSIGTERM":true,"slowMo":0,"timeout":30000,"tracesDir":"C:\\Users\\nice.pavliuk\\Sakarin harjoitukset\\outputs\\teht4\\browser\\traces\\temp\\39c060ac-281a-4f58-88c8-7e9d5876007e"}</msg>
<arg>chromium</arg>
<arg>headless=No</arg>
<tag>BrowserControl</tag>
<tag>Setter</tag>
<doc>Create a new playwright Browser with specified options.</doc>
<status status="PASS" start="2026-05-03T23:06:50.253734" elapsed="3.161022"/>
</kw>
<kw name="New Page" owner="Browser">
<msg time="2026-05-03T23:06:56.333455" level="INFO">Keyword 'Take Screenshot  fail-screenshot-{index}' could not be run on failure:
Error: Tried to take screenshot, but no page was open.</msg>
<msg time="2026-05-03T23:06:56.333628" level="INFO">See also file:///C:/Users/nice.pavliuk/Sakarin%20harjoitukset/outputs/teht4/playwright-log.txt for additional details.</msg>
<msg time="2026-05-03T23:06:56.334058" level="FAIL">Error: page.goto: net::ERR_CONNECTION_REFUSED at http://localhost:5173/src/html/login.html
Call log:
  - navigating to "http://localhost:5173/src/html/login.html", waiting until "load"
</msg>
<arg>http://localhost:5173/src/html/login.html</arg>
<tag>BrowserControl</tag>
<tag>Setter</tag>
<doc>Open a new Page.</doc>
<status status="FAIL" start="2026-05-03T23:06:53.426750" elapsed="3.096835">Error: page.goto: net::ERR_CONNECTION_REFUSED at http://localhost:5173/src/html/login.html
Call log:
  - navigating to "http://localhost:5173/src/html/login.html", waiting until "load"
</status>
</kw>
<kw name="Type Text" owner="Browser">
<arg>id=username</arg>
<arg>${Username}</arg>
<arg>delay=0.1 s</arg>
<tag>PageContent</tag>
<tag>Setter</tag>
<doc>Types the given ``txt`` into the text field found by ``selector``.</doc>
<status status="NOT RUN" start="2026-05-03T23:06:56.531536" elapsed="0.000202"/>
</kw>
<kw name="Type Secret" owner="Browser">
<arg>id=password</arg>
<arg>$Password</arg>
<tag>PageContent</tag>
<tag>Setter</tag>
<doc>Types the given secret from ``variable_name`` into the text field
found by ``selector``.</doc>
<status status="NOT RUN" start="2026-05-03T23:06:56.536488" elapsed="0.000257"/>
</kw>
<kw name="Click" owner="Browser">
<arg>button[type="submit"]</arg>
<tag>PageContent</tag>
<tag>Setter</tag>
<doc>Simulates mouse click on the element found by ``selector``.</doc>
<status status="NOT RUN" start="2026-05-03T23:06:56.538305" elapsed="0.000213"/>
</kw>
<kw name="Go To" owner="Keywords">
<arg>http://localhost:5173/src/html/paivakirja.html</arg>
<status status="NOT RUN" start="2026-05-03T23:06:56.552329" elapsed="0.000241"/>
</kw>
<kw name="Click" owner="Keywords">
<arg>css=#newEntryBtn</arg>
<status status="NOT RUN" start="2026-05-03T23:06:56.555957" elapsed="0.000489"/>
</kw>
<kw name="Wait Until Page Contains Element" owner="Keywords">
<arg>css=#entryForm</arg>
<status status="NOT RUN" start="2026-05-03T23:06:56.561339" elapsed="0.000209"/>
</kw>
<kw name="Type Text" owner="Browser">
<arg>id=sleep</arg>
<arg>7.5</arg>
<arg>delay=0.1 s</arg>
<tag>PageContent</tag>
<tag>Setter</tag>
<doc>Types the given ``txt`` into the text field found by ``selector``.</doc>
<status status="NOT RUN" start="2026-05-03T23:06:56.562041" elapsed="0.000211"/>
</kw>
<kw name="Select Options By" owner="Browser">
<arg>id=mood</arg>
<arg>value</arg>
<arg>hyva</arg>
<tag>PageContent</tag>
<tag>Setter</tag>
<doc>Selects options from select element found by ``selector``.</doc>
<status status="NOT RUN" start="2026-05-03T23:06:56.575981" elapsed="0.000222"/>
</kw>
<kw name="Type Text" owner="Browser">
<arg>id=comment</arg>
<arg>Testi sujui hyvin!</arg>
<arg>delay=0.1 s</arg>
<tag>PageContent</tag>
<tag>Setter</tag>
<doc>Types the given ``txt`` into the text field found by ``selector``.</doc>
<status status="NOT RUN" start="2026-05-03T23:06:56.577997" elapsed="0.000183"/>
</kw>
<kw name="Click" owner="Keywords">
<arg>css=#saveEntryBtn</arg>
<status status="NOT RUN" start="2026-05-03T23:06:56.585280" elapsed="0.000207"/>
</kw>
<kw name="Sleep" owner="BuiltIn">
<arg>2s</arg>
<doc>Pauses the test executed for the given time.</doc>
<status status="NOT RUN" start="2026-05-03T23:06:56.592576" elapsed="0.000207"/>
</kw>
<msg time="2026-05-03T23:06:56.608231" level="INFO">Switching context to context=0026186b-ab01-45fe-a7b8-226e9d121cc6 in CURRENT</msg>
<msg time="2026-05-03T23:06:56.612888" level="INFO">Successfully changed active context: context=0026186b-ab01-45fe-a7b8-226e9d121cc6</msg>
<msg time="2026-05-03T23:06:56.632918" level="INFO">Successfully closed Context</msg>
<status status="FAIL" start="2026-05-03T23:06:50.252203" elapsed="6.341395">Error: page.goto: net::ERR_CONNECTION_REFUSED at http://localhost:5173/src/html/login.html
Call log:
  - navigating to "http://localhost:5173/src/html/login.html", waiting until "load"
</status>
</test>
<status status="FAIL" start="2026-05-03T23:06:49.265409" elapsed="7.380350"/>
</suite>
<statistics>
<total>
<stat pass="0" fail="1" skip="0">All Tests</stat>
</total>
<tag>
</tag>
<suite>
<stat name="Teht4" id="s1" pass="0" fail="1" skip="0">Teht4</stat>
</suite>
</statistics>
<errors>
</errors>
</robot>
