<?xml version="1.0" encoding="UTF-8"?>
<robot generator="Robot 7.4.2 (Python 3.14.2 on win32)" generated="2026-04-06T20:20:03.081654" rpa="false" schemaversion="5">
<suite id="s1" name="Teht4" source="C:\Users\nice.pavliuk\Sakarin harjoitukset\Projekti\teht4.robot">
<test id="s1-t1" name="Uuden Paivakirjamerkinnan Lisays" line="6">
<kw name="New Browser" owner="Browser">
<msg time="2026-04-06T20:20:03.676771" level="INFO">{"browser": "chromium", "headless": false, "chromiumSandbox": false, "devtools": false, "handleSIGHUP": true, "handleSIGINT": true, "handleSIGTERM": true, "slowMo": 0.0, "timeout": 30000.0, "tracesDir": "C:\\Users\\nice.pavliuk\\Sakarin harjoitukset\\Projekti\\outputs\\teht4_fixed\\browser\\traces\\temp\\6f5cfa6a-0540-453a-b71e-be20542dcba3"}</msg>
<msg time="2026-04-06T20:20:03.721501" level="INFO">Starting Browser process C:\Users\nice.pavliuk\AppData\Roaming\Python\Python314\site-packages\Browser\wrapper\index.js using at 127.0.0.1:58782</msg>
<msg time="2026-04-06T20:20:06.752444" level="INFO">Successfully created browser with options: {"browser":"chromium","headless":false,"chromiumSandbox":false,"devtools":false,"handleSIGHUP":true,"handleSIGINT":true,"handleSIGTERM":true,"slowMo":0,"timeout":30000,"tracesDir":"C:\\Users\\nice.pavliuk\\Sakarin harjoitukset\\Projekti\\outputs\\teht4_fixed\\browser\\traces\\temp\\6f5cfa6a-0540-453a-b71e-be20542dcba3"}</msg>
<arg>chromium</arg>
<arg>headless=No</arg>
<tag>BrowserControl</tag>
<tag>Setter</tag>
<doc>Create a new playwright Browser with specified options.</doc>
<status status="PASS" start="2026-04-06T20:20:03.675357" elapsed="3.077295"/>
</kw>
<kw name="New Page" owner="Browser">
<msg time="2026-04-06T20:20:07.430774" level="INFO">Successfully initialized new page object and opened url: http://localhost:5173/src/html/login.html</msg>
<msg time="2026-04-06T20:20:07.430869" level="INFO">No context was open. New context was automatically opened when this page is created.</msg>
<arg>http://localhost:5173/src/html/login.html</arg>
<tag>BrowserControl</tag>
<tag>Setter</tag>
<doc>Open a new Page.</doc>
<status status="PASS" start="2026-04-06T20:20:06.779135" elapsed="0.651916"/>
</kw>
<kw name="Type Text" owner="Browser">
<msg time="2026-04-06T20:20:07.459999" level="INFO">Types the text 'dada' in the given field.</msg>
<arg>id=username</arg>
<arg>${Username}</arg>
<arg>delay=0.1 s</arg>
<tag>PageContent</tag>
<tag>Setter</tag>
<doc>Types the given ``txt`` into the text field found by ``selector``.</doc>
<status status="PASS" start="2026-04-06T20:20:07.459007" elapsed="0.576773"/>
</kw>
<kw name="Type Secret" owner="Browser">
<arg>id=password</arg>
<arg>$Password</arg>
<tag>PageContent</tag>
<tag>Setter</tag>
<doc>Types the given secret from ``variable_name`` into the text field
found by ``selector``.</doc>
<status status="PASS" start="2026-04-06T20:20:08.037205" elapsed="0.061902"/>
</kw>
<kw name="Click" owner="Browser">
<msg time="2026-04-06T20:20:08.104891" level="INFO">Clicks the element 'button[type="submit"]'.</msg>
<arg>button[type="submit"]</arg>
<tag>PageContent</tag>
<tag>Setter</tag>
<doc>Simulates mouse click on the element found by ``selector``.</doc>
<status status="PASS" start="2026-04-06T20:20:08.104070" elapsed="0.046974"/>
</kw>
<kw name="Go To" owner="Keywords">
<kw name="New Page" owner="Browser">
<msg time="2026-04-06T20:20:08.400673" level="INFO">Successfully initialized new page object and opened url: http://localhost:5173/src/html/paivakirja.html</msg>
<arg>${url}</arg>
<tag>BrowserControl</tag>
<tag>Setter</tag>
<doc>Open a new Page.</doc>
<status status="PASS" start="2026-04-06T20:20:08.224654" elapsed="0.176261"/>
</kw>
<arg>http://localhost:5173/src/html/paivakirja.html</arg>
<status status="PASS" start="2026-04-06T20:20:08.223944" elapsed="0.177201"/>
</kw>
<kw name="Click" owner="Browser">
<msg time="2026-04-06T20:20:08.412264" level="INFO">Clicks the element '"#newEntryBtn"'.</msg>
<msg time="2026-04-06T20:20:18.508870" level="INFO" html="true">&lt;/td&gt;&lt;/tr&gt;&lt;tr&gt;&lt;td colspan="3"&gt;&lt;a href="browser/screenshot/fail-screenshot-1.png" target="_blank"&gt;&lt;img src="browser/screenshot/fail-screenshot-1.png" width="800px"/&gt;&lt;/a&gt;</msg>
<msg time="2026-04-06T20:20:18.509070" level="INFO">See also file:///C:/Users/nice.pavliuk/Sakarin%20harjoitukset/Projekti/outputs/teht4_fixed/playwright-log.txt for additional details.</msg>
<msg time="2026-04-06T20:20:18.509506" level="FAIL">TimeoutError: locator.click: Timeout 10000ms exceeded.
Call log:
  - waiting for locator('text="#newEntryBtn"')
</msg>
<arg>"#newEntryBtn"</arg>
<tag>PageContent</tag>
<tag>Setter</tag>
<doc>Simulates mouse click on the element found by ``selector``.</doc>
<status status="FAIL" start="2026-04-06T20:20:08.411232" elapsed="10.107094">TimeoutError: locator.click: Timeout 10000ms exceeded.
Call log:
  - waiting for locator('text="#newEntryBtn"')
</status>
</kw>
<kw name="Wait Until Page Contains Element" owner="Keywords">
<status status="NOT RUN" start="2026-04-06T20:20:18.518877" elapsed="0.000239"/>
</kw>
<kw name="Type Text" owner="Browser">
<arg>id=sleep</arg>
<arg>7.5</arg>
<arg>delay=0.1 s</arg>
<tag>PageContent</tag>
<tag>Setter</tag>
<doc>Types the given ``txt`` into the text field found by ``selector``.</doc>
<status status="NOT RUN" start="2026-04-06T20:20:18.519487" elapsed="0.000288"/>
</kw>
<kw name="Select Options By" owner="Browser">
<arg>id=mood</arg>
<arg>value</arg>
<arg>hyva</arg>
<tag>PageContent</tag>
<tag>Setter</tag>
<doc>Selects options from select element found by ``selector``.</doc>
<status status="NOT RUN" start="2026-04-06T20:20:18.520241" elapsed="0.000256"/>
</kw>
<kw name="Type Text" owner="Browser">
<arg>id=comment</arg>
<arg>Testi sujui hyvin!</arg>
<arg>delay=0.1 s</arg>
<tag>PageContent</tag>
<tag>Setter</tag>
<doc>Types the given ``txt`` into the text field found by ``selector``.</doc>
<status status="NOT RUN" start="2026-04-06T20:20:18.520849" elapsed="0.000232"/>
</kw>
<kw name="Click" owner="Browser">
<arg>"#saveEntryBtn"</arg>
<tag>PageContent</tag>
<tag>Setter</tag>
<doc>Simulates mouse click on the element found by ``selector``.</doc>
<status status="NOT RUN" start="2026-04-06T20:20:18.521415" elapsed="0.000162"/>
</kw>
<kw name="Sleep" owner="BuiltIn">
<arg>2s</arg>
<doc>Pauses the test executed for the given time.</doc>
<status status="NOT RUN" start="2026-04-06T20:20:18.521902" elapsed="0.000173"/>
</kw>
<msg time="2026-04-06T20:20:18.544749" level="INFO">Switching context to context=2cb820c4-9976-41be-83fc-36647db50890 in CURRENT</msg>
<msg time="2026-04-06T20:20:18.559020" level="INFO">Successfully changed active context: context=2cb820c4-9976-41be-83fc-36647db50890</msg>
<msg time="2026-04-06T20:20:18.587968" level="INFO">Successfully closed Context</msg>
<status status="FAIL" start="2026-04-06T20:20:03.668921" elapsed="14.853588">TimeoutError: locator.click: Timeout 10000ms exceeded.
Call log:
  - waiting for locator('text="#newEntryBtn"')
</status>
</test>
<status status="FAIL" start="2026-04-06T20:20:03.086180" elapsed="15.503330"/>
</suite>
<statistics>
<total>
<stat pass="0" fail="1" skip="0">All Tests</stat>
</total>
<tag>
</tag>
<suite>
<stat name="Teht4" id="s1" pass="0" fail="1" skip="0">Teht4</stat>
</suite>
</statistics>
<errors>
</errors>
</robot>
