<?xml version="1.0" encoding="UTF-8"?>
<robot generator="Robot 7.4.2 (Python 3.14.2 on win32)" generated="2026-04-06T18:57:56.049495" rpa="false" schemaversion="5">
<suite id="s1" name="Tehtava4 Paivakirja Test" source="C:\Users\nice.pavliuk\Sakarin harjoitukset\Projekti\tehtava4_paivakirja_test.robot">
<test id="s1-t1" name="Luonti päiväkirjamerkintä" line="9">
<kw name="Open Browser To VitalFit" owner="Keywords" type="SETUP">
<kw name="New Browser" owner="Browser">
<msg time="2026-04-06T18:57:56.631750" level="INFO">{"browser": "chromium", "headless": false, "chromiumSandbox": false, "devtools": false, "handleSIGHUP": true, "handleSIGINT": true, "handleSIGTERM": true, "slowMo": 0.0, "timeout": 30000.0, "tracesDir": "C:\\Users\\nice.pavliuk\\Sakarin harjoitukset\\Projekti\\outputs\\tehtava4\\browser\\traces\\temp\\9b3522ac-221b-48c1-aa4f-e37175e36c0c"}</msg>
<msg time="2026-04-06T18:57:56.672133" level="INFO">Starting Browser process C:\Users\nice.pavliuk\AppData\Roaming\Python\Python314\site-packages\Browser\wrapper\index.js using at 127.0.0.1:55156</msg>
<msg time="2026-04-06T18:57:59.104049" level="INFO">Successfully created browser with options: {"browser":"chromium","headless":false,"chromiumSandbox":false,"devtools":false,"handleSIGHUP":true,"handleSIGINT":true,"handleSIGTERM":true,"slowMo":0,"timeout":30000,"tracesDir":"C:\\Users\\nice.pavliuk\\Sakarin harjoitukset\\Projekti\\outputs\\tehtava4\\browser\\traces\\temp\\9b3522ac-221b-48c1-aa4f-e37175e36c0c"}</msg>
<arg>chromium</arg>
<arg>headless=false</arg>
<tag>BrowserControl</tag>
<tag>Setter</tag>
<doc>Create a new playwright Browser with specified options.</doc>
<status status="PASS" start="2026-04-06T18:57:56.630699" elapsed="2.473587"/>
</kw>
<kw name="New Page" owner="Browser">
<msg time="2026-04-06T18:57:59.647909" level="INFO">Successfully initialized new page object and opened url: http://localhost:5173</msg>
<msg time="2026-04-06T18:57:59.648005" level="INFO">No context was open. New context was automatically opened when this page is created.</msg>
<arg>${VITE_URL}</arg>
<tag>BrowserControl</tag>
<tag>Setter</tag>
<doc>Open a new Page.</doc>
<status status="PASS" start="2026-04-06T18:57:59.104571" elapsed="0.543620"/>
</kw>
<status status="PASS" start="2026-04-06T18:57:56.629362" elapsed="3.019017"/>
</kw>
<kw name="Login" owner="Keywords">
<kw name="New Page" owner="Browser">
<msg time="2026-04-06T18:57:59.924387" level="INFO">Successfully initialized new page object and opened url: http://localhost:5173/login.html</msg>
<arg>${VITE_URL}/login.html</arg>
<tag>BrowserControl</tag>
<tag>Setter</tag>
<doc>Open a new Page.</doc>
<status status="PASS" start="2026-04-06T18:57:59.650205" elapsed="0.274403"/>
</kw>
<kw name="Fill Text" owner="Browser">
<msg time="2026-04-06T18:57:59.925570" level="FAIL">Keyword 'Browser.Fill Text' expected 2 to 3 arguments, got 0.</msg>
<tag>PageContent</tag>
<tag>Setter</tag>
<doc>Clears and fills the given ``txt`` into the text field found by ``selector``.</doc>
<status status="FAIL" start="2026-04-06T18:57:59.924830" elapsed="0.000819">Keyword 'Browser.Fill Text' expected 2 to 3 arguments, got 0.</status>
</kw>
<kw name="Fill Text" owner="Browser">
<tag>PageContent</tag>
<tag>Setter</tag>
<doc>Clears and fills the given ``txt`` into the text field found by ``selector``.</doc>
<status status="NOT RUN" start="2026-04-06T18:57:59.925860" elapsed="0.000210"/>
</kw>
<kw name="Click" owner="Keywords">
<arg>button[type="submit"]</arg>
<status status="NOT RUN" start="2026-04-06T18:57:59.926302" elapsed="0.000171"/>
</kw>
<arg>${TEST_USERNAME}</arg>
<arg>${TEST_PASSWORD}</arg>
<status status="FAIL" start="2026-04-06T18:57:59.649497" elapsed="0.277162">Keyword 'Browser.Fill Text' expected 2 to 3 arguments, got 0.</status>
</kw>
<kw name="Go To" owner="Keywords">
<arg>${PAIVAKIRJA_URL}</arg>
<status status="NOT RUN" start="2026-04-06T18:57:59.927604" elapsed="0.000247"/>
</kw>
<kw name="Wait Until Page Contains" owner="Keywords">
<arg>Päiväkirja</arg>
<status status="NOT RUN" start="2026-04-06T18:57:59.928221" elapsed="0.000203"/>
</kw>
<kw name="Click" owner="Keywords">
<arg>css:.new-entry-btn</arg>
<status status="NOT RUN" start="2026-04-06T18:57:59.928752" elapsed="0.000192"/>
</kw>
<kw name="Wait Until Page Contains Element" owner="Keywords">
<arg>css:#newEntryForm</arg>
<status status="NOT RUN" start="2026-04-06T18:57:59.929273" elapsed="0.000181"/>
</kw>
<kw name="Fill Weight" owner="Keywords">
<arg>75.5</arg>
<status status="NOT RUN" start="2026-04-06T18:57:59.929760" elapsed="0.000170"/>
</kw>
<kw name="Fill Sleep Hours" owner="Keywords">
<arg>7.5</arg>
<status status="NOT RUN" start="2026-04-06T18:57:59.930236" elapsed="0.000188"/>
</kw>
<kw name="Fill Condition" owner="Keywords">
<arg>erinomainen</arg>
<status status="NOT RUN" start="2026-04-06T18:57:59.931293" elapsed="0.000206"/>
</kw>
<kw name="Fill Comment" owner="Keywords">
<arg>Testimerkintä - BLACKBOXAI</arg>
<status status="NOT RUN" start="2026-04-06T18:57:59.932204" elapsed="0.000215"/>
</kw>
<kw name="Click" owner="Keywords">
<arg>css:#calculateBMI</arg>
<status status="NOT RUN" start="2026-04-06T18:57:59.933020" elapsed="0.000235"/>
</kw>
<kw name="Wait Until Page Contains" owner="Keywords">
<arg>BMI: 24.6</arg>
<status status="NOT RUN" start="2026-04-06T18:57:59.933660" elapsed="0.000199"/>
</kw>
<kw name="Click" owner="Keywords">
<arg>css:#saveEntryBtn</arg>
<status status="NOT RUN" start="2026-04-06T18:57:59.934190" elapsed="0.000204"/>
</kw>
<kw name="Wait Until Page Contains" owner="Keywords">
<arg>Merkintä tallennettu!</arg>
<status status="NOT RUN" start="2026-04-06T18:57:59.934730" elapsed="0.000207"/>
</kw>
<kw name="Wait Until Page Contains Element" owner="Keywords">
<arg>css:.entry-box:last-child</arg>
<status status="NOT RUN" start="2026-04-06T18:57:59.936593" elapsed="0.000243"/>
</kw>
<kw name="Entry Box Should Contain" owner="Keywords">
<arg>Testimerkintä - BLACKBOXAI</arg>
<status status="NOT RUN" start="2026-04-06T18:57:59.938442" elapsed="0.001197"/>
</kw>
<kw name="Close Browser" owner="Keywords" type="TEARDOWN">
<kw name="Close Browser" owner="Keywords">
<kw name="Close Browser" owner="Keywords">
<kw name="Close Browser" owner="Keywords">
<kw name="Close Browser" owner="Keywords">
<kw name="Close Browser" owner="Keywords">
<kw name="Close Browser" owner="Keywords">
<kw name="Close Browser" owner="Keywords">
<kw name="Close Browser" owner="Keywords">
<kw name="Close Browser" owner="Keywords">
<kw name="Close Browser" owner="Keywords">
<kw name="Close Browser" owner="Keywords">
<kw name="Close Browser" owner="Keywords">
<kw name="Close Browser" owner="Keywords">
<kw name="Close Browser" owner="Keywords">
<kw name="Close Browser" owner="Keywords">
<kw name="Close Browser" owner="Keywords">
<kw name="Close Browser" owner="Keywords">
<kw name="Close Browser" owner="Keywords">
<kw name="Close Browser" owner="Keywords">
<kw name="Close Browser" owner="Keywords">
<kw name="Close Browser" owner="Keywords">
<kw name="Close Browser" owner="Keywords">
<kw name="Close Browser" owner="Keywords">
<kw name="Close Browser" owner="Keywords">
<kw name="Close Browser" owner="Keywords">
<kw name="Close Browser" owner="Keywords">
<kw name="Close Browser" owner="Keywords">
<kw name="Close Browser" owner="Keywords">
<kw name="Close Browser" owner="Keywords">
<kw name="Close Browser" owner="Keywords">
<kw name="Close Browser" owner="Keywords">
<kw name="Close Browser" owner="Keywords">
<kw name="Close Browser" owner="Keywords">
<kw name="Close Browser" owner="Keywords">
<kw name="Close Browser" owner="Keywords">
<kw name="Close Browser" owner="Keywords">
<kw name="Close Browser" owner="Keywords">
<kw name="Close Browser" owner="Keywords">
<kw name="Close Browser" owner="Keywords">
<kw name="Close Browser" owner="Keywords">
<kw name="Close Browser" owner="Keywords">
<kw name="Close Browser" owner="Keywords">
<kw name="Close Browser" owner="Keywords">
<kw name="Close Browser" owner="Keywords">
<kw name="Close Browser" owner="Keywords">
<kw name="Close Browser" owner="Keywords">
<kw name="Close Browser" owner="Keywords">
<kw name="Close Browser" owner="Keywords">
<kw name="Close Browser" owner="Keywords">
<kw name="Close Browser" owner="Keywords">
<kw name="Close Browser" owner="Keywords">
<kw name="Close Browser" owner="Keywords">
<kw name="Close Browser" owner="Keywords">
<kw name="Close Browser" owner="Keywords">
<kw name="Close Browser" owner="Keywords">
<kw name="Close Browser" owner="Keywords">
<kw name="Close Browser" owner="Keywords">
<kw name="Close Browser" owner="Keywords">
<kw name="Close Browser" owner="Keywords">
<kw name="Close Browser" owner="Keywords">
<kw name="Close Browser" owner="Keywords">
<kw name="Close Browser" owner="Keywords">
<kw name="Close Browser" owner="Keywords">
<kw name="Close Browser" owner="Keywords">
<kw name="Close Browser" owner="Keywords">
<kw name="Close Browser" owner="Keywords">
<kw name="Close Browser" owner="Keywords">
<kw name="Close Browser" owner="Keywords">
<kw name="Close Browser" owner="Keywords">
<kw name="Close Browser" owner="Keywords">
<kw name="Close Browser" owner="Keywords">
<kw name="Close Browser" owner="Keywords">
<kw name="Close Browser" owner="Keywords">
<kw name="Close Browser" owner="Keywords">
<kw name="Close Browser" owner="Keywords">
<kw name="Close Browser" owner="Keywords">
<kw name="Close Browser" owner="Keywords">
<kw name="Close Browser" owner="Keywords">
<kw name="Close Browser" owner="Keywords">
<kw name="Close Browser" owner="Keywords">
<kw name="Close Browser" owner="Keywords">
<kw name="Close Browser" owner="Keywords">
<kw name="Close Browser" owner="Keywords">
<kw name="Close Browser" owner="Keywords">
<kw name="Close Browser" owner="Keywords">
<kw name="Close Browser" owner="Keywords">
<kw name="Close Browser" owner="Keywords">
<kw name="Close Browser" owner="Keywords">
<kw name="Close Browser" owner="Keywords">
<kw name="Close Browser" owner="Keywords">
<kw name="Close Browser" owner="Keywords">
<kw name="Close Browser" owner="Keywords">
<kw name="Close Browser" owner="Keywords">
<kw name="Close Browser" owner="Keywords">
<kw name="Close Browser" owner="Keywords">
<kw name="Close Browser" owner="Keywords">
<kw name="Close Browser" owner="Keywords">
<kw name="Close Browser" owner="Keywords">
<kw name="Close Browser" owner="Keywords">
<kw name="Close Browser" owner="Keywords">
<kw name="Close Browser" owner="Keywords">
<kw name="Close Browser" owner="Keywords">
<kw name="Close Browser" owner="Keywords">
<kw name="Close Browser" owner="Keywords">
<kw name="Close Browser" owner="Keywords">
<kw name="Close Browser" owner="Keywords">
<kw name="Close Browser" owner="Keywords">
<kw name="Close Browser" owner="Keywords">
<kw name="Close Browser" owner="Keywords">
<kw name="Close Browser" owner="Keywords">
<kw name="Close Browser" owner="Keywords">
<kw name="Close Browser" owner="Keywords">
<kw name="Close Browser" owner="Keywords">
<kw name="Close Browser" owner="Keywords">
<kw name="Close Browser" owner="Keywords">
<kw name="Close Browser" owner="Keywords">
<kw name="Close Browser" owner="Keywords">
<kw name="Close Browser" owner="Keywords">
<kw name="Close Browser" owner="Keywords">
<kw name="Close Browser" owner="Keywords">
<kw name="Close Browser" owner="Keywords">
<kw name="Close Browser" owner="Keywords">
<kw name="Close Browser" owner="Keywords">
<kw name="Close Browser" owner="Keywords">
<kw name="Close Browser" owner="Keywords">
<kw name="Close Browser" owner="Keywords">
<kw name="Close Browser" owner="Keywords">
<kw name="Close Browser" owner="Keywords">
<kw name="Close Browser" owner="Keywords">
<kw name="Close Browser" owner="Keywords">
<kw name="Close Browser" owner="Keywords">
<kw name="Close Browser" owner="Keywords">
<kw name="Close Browser" owner="Keywords">
<kw name="Close Browser" owner="Keywords">
<kw name="Close Browser" owner="Keywords">
<kw name="Close Browser" owner="Keywords">
<kw name="Close Browser" owner="Keywords">
<kw name="Close Browser" owner="Keywords">
<kw name="Close Browser" owner="Keywords">
<kw name="Close Browser" owner="Keywords">
<kw name="Close Browser" owner="Keywords">
<kw name="Close Browser" owner="Keywords">
<kw name="Close Browser" owner="Keywords">
<kw name="Close Browser" owner="Keywords">
<kw name="Close Browser" owner="Keywords">
<kw name="Close Browser" owner="Keywords">
<msg time="2026-04-06T18:58:00.066327" level="FAIL">Recursive execution stopped.</msg>
<status status="FAIL" start="2026-04-06T18:58:00.065665" elapsed="0.000719">Recursive execution stopped.</status>
</kw>
<status status="FAIL" start="2026-04-06T18:58:00.065200" elapsed="0.001676">Recursive execution stopped.</status>
</kw>
<status status="FAIL" start="2026-04-06T18:58:00.064583" elapsed="0.002823">Recursive execution stopped.</status>
</kw>
<status status="FAIL" start="2026-04-06T18:58:00.063285" elapsed="0.004546">Recursive execution stopped.</status>
</kw>
<status status="FAIL" start="2026-04-06T18:58:00.062788" elapsed="0.005569">Recursive execution stopped.</status>
</kw>
<status status="FAIL" start="2026-04-06T18:58:00.062303" elapsed="0.006443">Recursive execution stopped.</status>
</kw>
<status status="FAIL" start="2026-04-06T18:58:00.061820" elapsed="0.007303">Recursive execution stopped.</status>
</kw>
<status status="FAIL" start="2026-04-06T18:58:00.061380" elapsed="0.008117">Recursive execution stopped.</status>
</kw>
<status status="FAIL" start="2026-04-06T18:58:00.060914" elapsed="0.008953">Recursive execution stopped.</status>
</kw>
<status status="FAIL" start="2026-04-06T18:58:00.060444" elapsed="0.009787">Recursive execution stopped.</status>
</kw>
<status status="FAIL" start="2026-04-06T18:58:00.059941" elapsed="0.010662">Recursive execution stopped.</status>
</kw>
<status status="FAIL" start="2026-04-06T18:58:00.059388" elapsed="0.011579">Recursive execution stopped.</status>
</kw>
<status status="FAIL" start="2026-04-06T18:58:00.058727" elapsed="0.012614">Recursive execution stopped.</status>
</kw>
<status status="FAIL" start="2026-04-06T18:58:00.058072" elapsed="0.013630">Recursive execution stopped.</status>
</kw>
<status status="FAIL" start="2026-04-06T18:58:00.055002" elapsed="0.018747">Recursive execution stopped.</status>
</kw>
<status status="FAIL" start="2026-04-06T18:58:00.054382" elapsed="0.019855">Recursive execution stopped.</status>
</kw>
<status status="FAIL" start="2026-04-06T18:58:00.053083" elapsed="0.022032">Recursive execution stopped.</status>
</kw>
<status status="FAIL" start="2026-04-06T18:58:00.052285" elapsed="0.023342">Recursive execution stopped.</status>
</kw>
<status status="FAIL" start="2026-04-06T18:58:00.051789" elapsed="0.024221">Recursive execution stopped.</status>
</kw>
<status status="FAIL" start="2026-04-06T18:58:00.051316" elapsed="0.025053">Recursive execution stopped.</status>
</kw>
<status status="FAIL" start="2026-04-06T18:58:00.050823" elapsed="0.025965">Recursive execution stopped.</status>
</kw>
<status status="FAIL" start="2026-04-06T18:58:00.050225" elapsed="0.026965">Recursive execution stopped.</status>
</kw>
<status status="FAIL" start="2026-04-06T18:58:00.049665" elapsed="0.027891">Recursive execution stopped.</status>
</kw>
<status status="FAIL" start="2026-04-06T18:58:00.048975" elapsed="0.028976">Recursive execution stopped.</status>
</kw>
<status status="FAIL" start="2026-04-06T18:58:00.048201" elapsed="0.030104">Recursive execution stopped.</status>
</kw>
<status status="FAIL" start="2026-04-06T18:58:00.047725" elapsed="0.031188">Recursive execution stopped.</status>
</kw>
<status status="FAIL" start="2026-04-06T18:58:00.047256" elapsed="0.032062">Recursive execution stopped.</status>
</kw>
<status status="FAIL" start="2026-04-06T18:58:00.046772" elapsed="0.032930">Recursive execution stopped.</status>
</kw>
<status status="FAIL" start="2026-04-06T18:58:00.046255" elapsed="0.033799">Recursive execution stopped.</status>
</kw>
<status status="FAIL" start="2026-04-06T18:58:00.045448" elapsed="0.035057">Recursive execution stopped.</status>
</kw>
<status status="FAIL" start="2026-04-06T18:58:00.044568" elapsed="0.036317">Recursive execution stopped.</status>
</kw>
<status status="FAIL" start="2026-04-06T18:58:00.044083" elapsed="0.037180">Recursive execution stopped.</status>
</kw>
<status status="FAIL" start="2026-04-06T18:58:00.043474" elapsed="0.038126">Recursive execution stopped.</status>
</kw>
<status status="FAIL" start="2026-04-06T18:58:00.041416" elapsed="0.040510">Recursive execution stopped.</status>
</kw>
<status status="FAIL" start="2026-04-06T18:58:00.038458" elapsed="0.043794">Recursive execution stopped.</status>
</kw>
<status status="FAIL" start="2026-04-06T18:58:00.037927" elapsed="0.044650">Recursive execution stopped.</status>
</kw>
<status status="FAIL" start="2026-04-06T18:58:00.037447" elapsed="0.045452">Recursive execution stopped.</status>
</kw>
<status status="FAIL" start="2026-04-06T18:58:00.036945" elapsed="0.046273">Recursive execution stopped.</status>
</kw>
<status status="FAIL" start="2026-04-06T18:58:00.036396" elapsed="0.047147">Recursive execution stopped.</status>
</kw>
<status status="FAIL" start="2026-04-06T18:58:00.035839" elapsed="0.048031">Recursive execution stopped.</status>
</kw>
<status status="FAIL" start="2026-04-06T18:58:00.035343" elapsed="0.048842">Recursive execution stopped.</status>
</kw>
<status status="FAIL" start="2026-04-06T18:58:00.034817" elapsed="0.049682">Recursive execution stopped.</status>
</kw>
<status status="FAIL" start="2026-04-06T18:58:00.034098" elapsed="0.050887">Recursive execution stopped.</status>
</kw>
<status status="FAIL" start="2026-04-06T18:58:00.032282" elapsed="0.053119">Recursive execution stopped.</status>
</kw>
<status status="FAIL" start="2026-04-06T18:58:00.031780" elapsed="0.054095">Recursive execution stopped.</status>
</kw>
<status status="FAIL" start="2026-04-06T18:58:00.031337" elapsed="0.054847">Recursive execution stopped.</status>
</kw>
<status status="FAIL" start="2026-04-06T18:58:00.030904" elapsed="0.055597">Recursive execution stopped.</status>
</kw>
<status status="FAIL" start="2026-04-06T18:58:00.030460" elapsed="0.056365">Recursive execution stopped.</status>
</kw>
<status status="FAIL" start="2026-04-06T18:58:00.029999" elapsed="0.057189">Recursive execution stopped.</status>
</kw>
<status status="FAIL" start="2026-04-06T18:58:00.029484" elapsed="0.058048">Recursive execution stopped.</status>
</kw>
<status status="FAIL" start="2026-04-06T18:58:00.028780" elapsed="0.059181">Recursive execution stopped.</status>
</kw>
<status status="FAIL" start="2026-04-06T18:58:00.028132" elapsed="0.060223">Recursive execution stopped.</status>
</kw>
<status status="FAIL" start="2026-04-06T18:58:00.027682" elapsed="0.063585">Recursive execution stopped.</status>
</kw>
<status status="FAIL" start="2026-04-06T18:58:00.027219" elapsed="0.064552">Recursive execution stopped.</status>
</kw>
<status status="FAIL" start="2026-04-06T18:58:00.026665" elapsed="0.065470">Recursive execution stopped.</status>
</kw>
<status status="FAIL" start="2026-04-06T18:58:00.025998" elapsed="0.066565">Recursive execution stopped.</status>
</kw>
<status status="FAIL" start="2026-04-06T18:58:00.021520" elapsed="0.071535">Recursive execution stopped.</status>
</kw>
<status status="FAIL" start="2026-04-06T18:58:00.020784" elapsed="0.072721">Recursive execution stopped.</status>
</kw>
<status status="FAIL" start="2026-04-06T18:58:00.020213" elapsed="0.075036">Recursive execution stopped.</status>
</kw>
<status status="FAIL" start="2026-04-06T18:58:00.019617" elapsed="0.075987">Recursive execution stopped.</status>
</kw>
<status status="FAIL" start="2026-04-06T18:58:00.018898" elapsed="0.077001">Recursive execution stopped.</status>
</kw>
<status status="FAIL" start="2026-04-06T18:58:00.017959" elapsed="0.078220">Recursive execution stopped.</status>
</kw>
<status status="FAIL" start="2026-04-06T18:58:00.016400" elapsed="0.080057">Recursive execution stopped.</status>
</kw>
<status status="FAIL" start="2026-04-06T18:58:00.015956" elapsed="0.080827">Recursive execution stopped.</status>
</kw>
<status status="FAIL" start="2026-04-06T18:58:00.015502" elapsed="0.081578">Recursive execution stopped.</status>
</kw>
<status status="FAIL" start="2026-04-06T18:58:00.015059" elapsed="0.082297">Recursive execution stopped.</status>
</kw>
<status status="FAIL" start="2026-04-06T18:58:00.014567" elapsed="0.083064">Recursive execution stopped.</status>
</kw>
<status status="FAIL" start="2026-04-06T18:58:00.013867" elapsed="0.084030">Recursive execution stopped.</status>
</kw>
<status status="FAIL" start="2026-04-06T18:58:00.013107" elapsed="0.085055">Recursive execution stopped.</status>
</kw>
<status status="FAIL" start="2026-04-06T18:58:00.011997" elapsed="0.086540">Recursive execution stopped.</status>
</kw>
<status status="FAIL" start="2026-04-06T18:58:00.010843" elapsed="0.087982">Recursive execution stopped.</status>
</kw>
<status status="FAIL" start="2026-04-06T18:58:00.005234" elapsed="0.093904">Recursive execution stopped.</status>
</kw>
<status status="FAIL" start="2026-04-06T18:58:00.004661" elapsed="0.094736">Recursive execution stopped.</status>
</kw>
<status status="FAIL" start="2026-04-06T18:58:00.004096" elapsed="0.095558">Recursive execution stopped.</status>
</kw>
<status status="FAIL" start="2026-04-06T18:58:00.003546" elapsed="0.096359">Recursive execution stopped.</status>
</kw>
<status status="FAIL" start="2026-04-06T18:58:00.002958" elapsed="0.097226">Recursive execution stopped.</status>
</kw>
<status status="FAIL" start="2026-04-06T18:58:00.002267" elapsed="0.098475">Recursive execution stopped.</status>
</kw>
<status status="FAIL" start="2026-04-06T18:58:00.001525" elapsed="0.101195">Recursive execution stopped.</status>
</kw>
<status status="FAIL" start="2026-04-06T18:58:00.000974" elapsed="0.102370">Recursive execution stopped.</status>
</kw>
<status status="FAIL" start="2026-04-06T18:58:00.000392" elapsed="0.103545">Recursive execution stopped.</status>
</kw>
<status status="FAIL" start="2026-04-06T18:57:59.999721" elapsed="0.104542">Recursive execution stopped.</status>
</kw>
<status status="FAIL" start="2026-04-06T18:57:59.998636" elapsed="0.106011">Recursive execution stopped.</status>
</kw>
<status status="FAIL" start="2026-04-06T18:57:59.996470" elapsed="0.108570">Recursive execution stopped.</status>
</kw>
<status status="FAIL" start="2026-04-06T18:57:59.994252" elapsed="0.114545">Recursive execution stopped.</status>
</kw>
<status status="FAIL" start="2026-04-06T18:57:59.993649" elapsed="0.116302">Recursive execution stopped.</status>
</kw>
<status status="FAIL" start="2026-04-06T18:57:59.993121" elapsed="0.117456">Recursive execution stopped.</status>
</kw>
<status status="FAIL" start="2026-04-06T18:57:59.992571" elapsed="0.118387">Recursive execution stopped.</status>
</kw>
<status status="FAIL" start="2026-04-06T18:57:59.991969" elapsed="0.119331">Recursive execution stopped.</status>
</kw>
<status status="FAIL" start="2026-04-06T18:57:59.991229" elapsed="0.120501">Recursive execution stopped.</status>
</kw>
<status status="FAIL" start="2026-04-06T18:57:59.988490" elapsed="0.123648">Recursive execution stopped.</status>
</kw>
<status status="FAIL" start="2026-04-06T18:57:59.987692" elapsed="0.124711">Recursive execution stopped.</status>
</kw>
<status status="FAIL" start="2026-04-06T18:57:59.986926" elapsed="0.125932">Recursive execution stopped.</status>
</kw>
<status status="FAIL" start="2026-04-06T18:57:59.986422" elapsed="0.126975">Recursive execution stopped.</status>
</kw>
<status status="FAIL" start="2026-04-06T18:57:59.985897" elapsed="0.127796">Recursive execution stopped.</status>
</kw>
<status status="FAIL" start="2026-04-06T18:57:59.985245" elapsed="0.128723">Recursive execution stopped.</status>
</kw>
<status status="FAIL" start="2026-04-06T18:57:59.984153" elapsed="0.130042">Recursive execution stopped.</status>
</kw>
<status status="FAIL" start="2026-04-06T18:57:59.983154" elapsed="0.131388">Recursive execution stopped.</status>
</kw>
<status status="FAIL" start="2026-04-06T18:57:59.982547" elapsed="0.132282">Recursive execution stopped.</status>
</kw>
<status status="FAIL" start="2026-04-06T18:57:59.982051" elapsed="0.133030">Recursive execution stopped.</status>
</kw>
<status status="FAIL" start="2026-04-06T18:57:59.981458" elapsed="0.133836">Recursive execution stopped.</status>
</kw>
<status status="FAIL" start="2026-04-06T18:57:59.980995" elapsed="0.134510">Recursive execution stopped.</status>
</kw>
<status status="FAIL" start="2026-04-06T18:57:59.980496" elapsed="0.135212">Recursive execution stopped.</status>
</kw>
<status status="FAIL" start="2026-04-06T18:57:59.980009" elapsed="0.135899">Recursive execution stopped.</status>
</kw>
<status status="FAIL" start="2026-04-06T18:57:59.979462" elapsed="0.136643">Recursive execution stopped.</status>
</kw>
<status status="FAIL" start="2026-04-06T18:57:59.978674" elapsed="0.137629">Recursive execution stopped.</status>
</kw>
<status status="FAIL" start="2026-04-06T18:57:59.978230" elapsed="0.138270">Recursive execution stopped.</status>
</kw>
<status status="FAIL" start="2026-04-06T18:57:59.977784" elapsed="0.138940">Recursive execution stopped.</status>
</kw>
<status status="FAIL" start="2026-04-06T18:57:59.977326" elapsed="0.139600">Recursive execution stopped.</status>
</kw>
<status status="FAIL" start="2026-04-06T18:57:59.976772" elapsed="0.140342">Recursive execution stopped.</status>
</kw>
<status status="FAIL" start="2026-04-06T18:57:59.975563" elapsed="0.141831">Recursive execution stopped.</status>
</kw>
<status status="FAIL" start="2026-04-06T18:57:59.971265" elapsed="0.146334">Recursive execution stopped.</status>
</kw>
<status status="FAIL" start="2026-04-06T18:57:59.970819" elapsed="0.146999">Recursive execution stopped.</status>
</kw>
<status status="FAIL" start="2026-04-06T18:57:59.970342" elapsed="0.147653">Recursive execution stopped.</status>
</kw>
<status status="FAIL" start="2026-04-06T18:57:59.969776" elapsed="0.148393">Recursive execution stopped.</status>
</kw>
<status status="FAIL" start="2026-04-06T18:57:59.969059" elapsed="0.149282">Recursive execution stopped.</status>
</kw>
<status status="FAIL" start="2026-04-06T18:57:59.968030" elapsed="0.150487">Recursive execution stopped.</status>
</kw>
<status status="FAIL" start="2026-04-06T18:57:59.967493" elapsed="0.151199">Recursive execution stopped.</status>
</kw>
<status status="FAIL" start="2026-04-06T18:57:59.967053" elapsed="0.151810">Recursive execution stopped.</status>
</kw>
<status status="FAIL" start="2026-04-06T18:57:59.966596" elapsed="0.152433">Recursive execution stopped.</status>
</kw>
<status status="FAIL" start="2026-04-06T18:57:59.966109" elapsed="0.153087">Recursive execution stopped.</status>
</kw>
<status status="FAIL" start="2026-04-06T18:57:59.965609" elapsed="0.153754">Recursive execution stopped.</status>
</kw>
<status status="FAIL" start="2026-04-06T18:57:59.965099" elapsed="0.154431">Recursive execution stopped.</status>
</kw>
<status status="FAIL" start="2026-04-06T18:57:59.964477" elapsed="0.155300">Recursive execution stopped.</status>
</kw>
<status status="FAIL" start="2026-04-06T18:57:59.963266" elapsed="0.156695">Recursive execution stopped.</status>
</kw>
<status status="FAIL" start="2026-04-06T18:57:59.962744" elapsed="0.157516">Recursive execution stopped.</status>
</kw>
<status status="FAIL" start="2026-04-06T18:57:59.962292" elapsed="0.158124">Recursive execution stopped.</status>
</kw>
<status status="FAIL" start="2026-04-06T18:57:59.961821" elapsed="0.158777">Recursive execution stopped.</status>
</kw>
<status status="FAIL" start="2026-04-06T18:57:59.961342" elapsed="0.159405">Recursive execution stopped.</status>
</kw>
<status status="FAIL" start="2026-04-06T18:57:59.960834" elapsed="0.160064">Recursive execution stopped.</status>
</kw>
<status status="FAIL" start="2026-04-06T18:57:59.960360" elapsed="0.160686">Recursive execution stopped.</status>
</kw>
<status status="FAIL" start="2026-04-06T18:57:59.959836" elapsed="0.161353">Recursive execution stopped.</status>
</kw>
<status status="FAIL" start="2026-04-06T18:57:59.959198" elapsed="0.162135">Recursive execution stopped.</status>
</kw>
<status status="FAIL" start="2026-04-06T18:57:59.952817" elapsed="0.168663">Recursive execution stopped.</status>
</kw>
<status status="FAIL" start="2026-04-06T18:57:59.951766" elapsed="0.169851">Recursive execution stopped.</status>
</kw>
<status status="FAIL" start="2026-04-06T18:57:59.951057" elapsed="0.170695">Recursive execution stopped.</status>
</kw>
<status status="FAIL" start="2026-04-06T18:57:59.950520" elapsed="0.171376">Recursive execution stopped.</status>
</kw>
<status status="FAIL" start="2026-04-06T18:57:59.949519" elapsed="0.175286">Recursive execution stopped.</status>
</kw>
<status status="FAIL" start="2026-04-06T18:57:59.948596" elapsed="0.176517">Recursive execution stopped.</status>
</kw>
<status status="FAIL" start="2026-04-06T18:57:59.948013" elapsed="0.177349">Recursive execution stopped.</status>
</kw>
<status status="FAIL" start="2026-04-06T18:57:59.947432" elapsed="0.178114">Recursive execution stopped.</status>
</kw>
<status status="FAIL" start="2026-04-06T18:57:59.946802" elapsed="0.178885">Recursive execution stopped.</status>
</kw>
<status status="FAIL" start="2026-04-06T18:57:59.946209" elapsed="0.179615">Recursive execution stopped.</status>
</kw>
<status status="FAIL" start="2026-04-06T18:57:59.945759" elapsed="0.180196">Recursive execution stopped.</status>
</kw>
<status status="FAIL" start="2026-04-06T18:57:59.945327" elapsed="0.180753">Recursive execution stopped.</status>
</kw>
<status status="FAIL" start="2026-04-06T18:57:59.944888" elapsed="0.181318">Recursive execution stopped.</status>
</kw>
<status status="FAIL" start="2026-04-06T18:57:59.944424" elapsed="0.181909">Recursive execution stopped.</status>
</kw>
<status status="FAIL" start="2026-04-06T18:57:59.943881" elapsed="0.182570">Recursive execution stopped.</status>
</kw>
<msg time="2026-04-06T18:58:00.304327" level="INFO">Switching context to context=b95461da-1138-443e-9e0b-ad503d66837b in CURRENT</msg>
<msg time="2026-04-06T18:58:00.323610" level="INFO">Successfully changed active context: context=b95461da-1138-443e-9e0b-ad503d66837b</msg>
<msg time="2026-04-06T18:58:00.344649" level="INFO">Successfully closed Context</msg>
<status status="FAIL" start="2026-04-06T18:57:56.627967" elapsed="3.499025">Keyword 'Browser.Fill Text' expected 2 to 3 arguments, got 0.

Also teardown failed:
Recursive execution stopped.</status>
</test>
<doc>Tehtävä 4: Päiväkirjamerkinnän luonti E2E testi</doc>
<status status="FAIL" start="2026-04-06T18:57:56.054802" elapsed="4.321750"/>
</suite>
<statistics>
<total>
<stat pass="0" fail="1" skip="0">All Tests</stat>
</total>
<tag>
</tag>
<suite>
<stat name="Tehtava4 Paivakirja Test" id="s1" pass="0" fail="1" skip="0">Tehtava4 Paivakirja Test</stat>
</suite>
</statistics>
<errors>
</errors>
</robot>
