<?xml version="1.0" encoding="UTF-8"?>
<robot generator="Robot 7.4.2 (Python 3.14.2 on win32)" generated="2026-04-06T21:18:21.057388" rpa="false" schemaversion="5">
<suite id="s1" name="Teht5" source="C:\Users\nice.pavliuk\Sakarin harjoitukset\Projekti\testit\teht5.robot">
<test id="s1-t1" name="Kirjautuminen ENV-tiedostolla" line="7">
<kw name="Get Environment Variable" owner="OperatingSystem">
<msg time="2026-04-06T21:18:21.717403" level="INFO">${username} = nice.pavliuk</msg>
<var>${username}</var>
<arg>USERNAME</arg>
<arg>default=testi</arg>
<doc>Returns the value of an environment variable with the given name.</doc>
<status status="PASS" start="2026-04-06T21:18:21.716841" elapsed="0.000628"/>
</kw>
<kw name="Get Environment Variable" owner="OperatingSystem">
<msg time="2026-04-06T21:18:21.718828" level="INFO">${password} = testi123</msg>
<var>${password}</var>
<arg>PASSWORD</arg>
<arg>default=testi123</arg>
<doc>Returns the value of an environment variable with the given name.</doc>
<status status="PASS" start="2026-04-06T21:18:21.718302" elapsed="0.000587"/>
</kw>
<kw name="New Browser" owner="Browser">
<msg time="2026-04-06T21:18:21.720901" level="INFO">{"browser": "chromium", "headless": false, "chromiumSandbox": false, "devtools": false, "handleSIGHUP": true, "handleSIGINT": true, "handleSIGTERM": true, "slowMo": 0.0, "timeout": 30000.0, "tracesDir": "C:\\Users\\nice.pavliuk\\Sakarin harjoitukset\\Projekti\\outputs\\teht5\\browser\\traces\\temp\\e278a734-855d-4a03-a5b4-ece2d15f8e84"}</msg>
<msg time="2026-04-06T21:18:21.761899" level="INFO">Starting Browser process C:\Users\nice.pavliuk\AppData\Roaming\Python\Python314\site-packages\Browser\wrapper\index.js using at 127.0.0.1:61294</msg>
<msg time="2026-04-06T21:18:23.629874" level="INFO">Successfully created browser with options: {"browser":"chromium","headless":false,"chromiumSandbox":false,"devtools":false,"handleSIGHUP":true,"handleSIGINT":true,"handleSIGTERM":true,"slowMo":0,"timeout":30000,"tracesDir":"C:\\Users\\nice.pavliuk\\Sakarin harjoitukset\\Projekti\\outputs\\teht5\\browser\\traces\\temp\\e278a734-855d-4a03-a5b4-ece2d15f8e84"}</msg>
<arg>chromium</arg>
<arg>headless=No</arg>
<tag>BrowserControl</tag>
<tag>Setter</tag>
<doc>Create a new playwright Browser with specified options.</doc>
<status status="PASS" start="2026-04-06T21:18:21.719862" elapsed="1.910210"/>
</kw>
<kw name="New Page" owner="Browser">
<msg time="2026-04-06T21:18:24.264428" level="INFO">Successfully initialized new page object and opened url: http://localhost:5173/src/html/login.html</msg>
<msg time="2026-04-06T21:18:24.264519" level="INFO">No context was open. New context was automatically opened when this page is created.</msg>
<arg>http://localhost:5173/src/html/login.html</arg>
<tag>BrowserControl</tag>
<tag>Setter</tag>
<doc>Open a new Page.</doc>
<status status="PASS" start="2026-04-06T21:18:23.678751" elapsed="0.585934"/>
</kw>
<kw name="Type Text" owner="Browser">
<msg time="2026-04-06T21:18:24.270086" level="INFO">Types the text 'nice.pavliuk' in the given field.</msg>
<arg>id=username</arg>
<arg>${username}</arg>
<arg>delay=0.1 s</arg>
<tag>PageContent</tag>
<tag>Setter</tag>
<doc>Types the given ``txt`` into the text field found by ``selector``.</doc>
<status status="PASS" start="2026-04-06T21:18:24.269051" elapsed="1.439790"/>
</kw>
<kw name="Type Secret" owner="Browser">
<arg>id=password</arg>
<arg>$password</arg>
<tag>PageContent</tag>
<tag>Setter</tag>
<doc>Types the given secret from ``variable_name`` into the text field
found by ``selector``.</doc>
<status status="PASS" start="2026-04-06T21:18:25.709343" elapsed="0.047335"/>
</kw>
<kw name="Click" owner="Browser">
<msg time="2026-04-06T21:18:25.758722" level="INFO">Clicks the element 'button[type="submit"]'.</msg>
<arg>button[type="submit"]</arg>
<tag>PageContent</tag>
<tag>Setter</tag>
<doc>Simulates mouse click on the element found by ``selector``.</doc>
<status status="PASS" start="2026-04-06T21:18:25.757509" elapsed="0.049989"/>
</kw>
<kw name="Sleep" owner="BuiltIn">
<msg time="2026-04-06T21:18:27.812965" level="INFO">Slept 2 seconds.</msg>
<arg>2s</arg>
<doc>Pauses the test executed for the given time.</doc>
<status status="PASS" start="2026-04-06T21:18:25.811628" elapsed="2.001612"/>
</kw>
<msg time="2026-04-06T21:18:27.837320" level="INFO">Switching context to context=3053ea5b-aa8f-496d-b5be-dc0f092a117c in CURRENT</msg>
<msg time="2026-04-06T21:18:27.846364" level="INFO">Successfully changed active context: context=3053ea5b-aa8f-496d-b5be-dc0f092a117c</msg>
<msg time="2026-04-06T21:18:27.866256" level="INFO">Successfully closed Context</msg>
<status status="PASS" start="2026-04-06T21:18:21.715178" elapsed="6.098831"/>
</test>
<status status="PASS" start="2026-04-06T21:18:21.063473" elapsed="6.803846"/>
</suite>
<statistics>
<total>
<stat pass="1" fail="0" skip="0">All Tests</stat>
</total>
<tag>
</tag>
<suite>
<stat name="Teht5" id="s1" pass="1" fail="0" skip="0">Teht5</stat>
</suite>
</statistics>
<errors>
</errors>
</robot>
