<?xml version="1.0" encoding="UTF-8"?>
<robot generator="Robot 7.4.2 (Python 3.14.2 on win32)" generated="2026-04-06T20:34:22.287524" rpa="false" schemaversion="5">
<suite id="s1" name="Teht4" source="C:\Users\nice.pavliuk\Sakarin harjoitukset\Projekti\teht4.robot">
<test id="s1-t1" name="Uuden Paivakirjamerkinnan Lisays" line="6">
<kw name="New Browser" owner="Browser">
<msg time="2026-04-06T20:34:22.841578" level="INFO">{"browser": "chromium", "headless": false, "chromiumSandbox": false, "devtools": false, "handleSIGHUP": true, "handleSIGINT": true, "handleSIGTERM": true, "slowMo": 0.0, "timeout": 30000.0, "tracesDir": "C:\\Users\\nice.pavliuk\\Sakarin harjoitukset\\Projekti\\outputs\\teht4_report\\browser\\traces\\temp\\8e8230d3-db3f-4573-b675-d61de881d0d3"}</msg>
<msg time="2026-04-06T20:34:22.882934" level="INFO">Starting Browser process C:\Users\nice.pavliuk\AppData\Roaming\Python\Python314\site-packages\Browser\wrapper\index.js using at 127.0.0.1:59435</msg>
<msg time="2026-04-06T20:34:25.627651" level="INFO">Successfully created browser with options: {"browser":"chromium","headless":false,"chromiumSandbox":false,"devtools":false,"handleSIGHUP":true,"handleSIGINT":true,"handleSIGTERM":true,"slowMo":0,"timeout":30000,"tracesDir":"C:\\Users\\nice.pavliuk\\Sakarin harjoitukset\\Projekti\\outputs\\teht4_report\\browser\\traces\\temp\\8e8230d3-db3f-4573-b675-d61de881d0d3"}</msg>
<arg>chromium</arg>
<arg>headless=No</arg>
<tag>BrowserControl</tag>
<tag>Setter</tag>
<doc>Create a new playwright Browser with specified options.</doc>
<status status="PASS" start="2026-04-06T20:34:22.840566" elapsed="2.787316"/>
</kw>
<kw name="New Page" owner="Browser">
<msg time="2026-04-06T20:34:26.214396" level="INFO">Successfully initialized new page object and opened url: http://localhost:5173/src/html/login.html</msg>
<msg time="2026-04-06T20:34:26.214489" level="INFO">No context was open. New context was automatically opened when this page is created.</msg>
<arg>http://localhost:5173/src/html/login.html</arg>
<tag>BrowserControl</tag>
<tag>Setter</tag>
<doc>Open a new Page.</doc>
<status status="PASS" start="2026-04-06T20:34:25.635192" elapsed="0.579487"/>
</kw>
<kw name="Type Text" owner="Browser">
<msg time="2026-04-06T20:34:26.222204" level="INFO">Types the text 'dada' in the given field.</msg>
<arg>id=username</arg>
<arg>${Username}</arg>
<arg>delay=0.1 s</arg>
<tag>PageContent</tag>
<tag>Setter</tag>
<doc>Types the given ``txt`` into the text field found by ``selector``.</doc>
<status status="PASS" start="2026-04-06T20:34:26.221290" elapsed="0.569912"/>
</kw>
<kw name="Type Secret" owner="Browser">
<arg>id=password</arg>
<arg>$Password</arg>
<tag>PageContent</tag>
<tag>Setter</tag>
<doc>Types the given secret from ``variable_name`` into the text field
found by ``selector``.</doc>
<status status="PASS" start="2026-04-06T20:34:26.836828" elapsed="0.160646"/>
</kw>
<kw name="Click" owner="Browser">
<msg time="2026-04-06T20:34:27.055655" level="INFO">Clicks the element 'button[type="submit"]'.</msg>
<arg>button[type="submit"]</arg>
<tag>PageContent</tag>
<tag>Setter</tag>
<doc>Simulates mouse click on the element found by ``selector``.</doc>
<status status="PASS" start="2026-04-06T20:34:27.054867" elapsed="0.035259"/>
</kw>
<kw name="Go To" owner="Keywords">
<kw name="New Page" owner="Browser">
<msg time="2026-04-06T20:34:27.558067" level="INFO">Successfully initialized new page object and opened url: http://localhost:5173/src/html/paivakirja.html</msg>
<arg>${url}</arg>
<tag>BrowserControl</tag>
<tag>Setter</tag>
<doc>Open a new Page.</doc>
<status status="PASS" start="2026-04-06T20:34:27.280361" elapsed="0.277924"/>
</kw>
<arg>http://localhost:5173/src/html/paivakirja.html</arg>
<status status="PASS" start="2026-04-06T20:34:27.279678" elapsed="0.278762"/>
</kw>
<kw name="Click" owner="Keywords">
<kw name="Click" owner="Browser">
<msg time="2026-04-06T20:34:27.614473" level="INFO">Clicks the element 'css:#newEntryBtn'.</msg>
<msg time="2026-04-06T20:34:27.741161" level="INFO" html="true">&lt;/td&gt;&lt;/tr&gt;&lt;tr&gt;&lt;td colspan="3"&gt;&lt;a href="browser/screenshot/fail-screenshot-1.png" target="_blank"&gt;&lt;img src="browser/screenshot/fail-screenshot-1.png" width="800px"/&gt;&lt;/a&gt;</msg>
<msg time="2026-04-06T20:34:27.741359" level="INFO">See also file:///C:/Users/nice.pavliuk/Sakarin%20harjoitukset/Projekti/outputs/teht4_report/playwright-log.txt for additional details.</msg>
<msg time="2026-04-06T20:34:27.741794" level="FAIL">Error: locator.click: Unexpected token "#newEntryBtn" while parsing css selector "css:#newEntryBtn". Did you mean to CSS.escape it?
Call log:
  - waiting for css:#newEntryBtn
</msg>
<arg>${locator}</arg>
<tag>PageContent</tag>
<tag>Setter</tag>
<doc>Simulates mouse click on the element found by ``selector``.</doc>
<status status="FAIL" start="2026-04-06T20:34:27.608492" elapsed="0.141474">Error: locator.click: Unexpected token "#newEntryBtn" while parsing css selector "css:#newEntryBtn". Did you mean to CSS.escape it?
Call log:
  - waiting for css:#newEntryBtn
</status>
</kw>
<arg>css:#newEntryBtn</arg>
<status status="FAIL" start="2026-04-06T20:34:27.607821" elapsed="0.142395">Error: locator.click: Unexpected token "#newEntryBtn" while parsing css selector "css:#newEntryBtn". Did you mean to CSS.escape it?
Call log:
  - waiting for css:#newEntryBtn
</status>
</kw>
<kw name="Wait Until Page Contains Element" owner="Keywords">
<arg>css:#entryForm</arg>
<status status="NOT RUN" start="2026-04-06T20:34:27.773272" elapsed="0.000260"/>
</kw>
<kw name="Type Text" owner="Browser">
<arg>id=sleep</arg>
<arg>7.5</arg>
<arg>delay=0.1 s</arg>
<tag>PageContent</tag>
<tag>Setter</tag>
<doc>Types the given ``txt`` into the text field found by ``selector``.</doc>
<status status="NOT RUN" start="2026-04-06T20:34:27.774767" elapsed="0.000256"/>
</kw>
<kw name="Select Options By" owner="Browser">
<arg>id=mood</arg>
<arg>value</arg>
<arg>hyva</arg>
<tag>PageContent</tag>
<tag>Setter</tag>
<doc>Selects options from select element found by ``selector``.</doc>
<status status="NOT RUN" start="2026-04-06T20:34:27.781532" elapsed="0.000254"/>
</kw>
<kw name="Type Text" owner="Browser">
<arg>id=comment</arg>
<arg>Testi sujui hyvin!</arg>
<arg>delay=0.1 s</arg>
<tag>PageContent</tag>
<tag>Setter</tag>
<doc>Types the given ``txt`` into the text field found by ``selector``.</doc>
<status status="NOT RUN" start="2026-04-06T20:34:27.782121" elapsed="0.000187"/>
</kw>
<kw name="Click" owner="Keywords">
<arg>css:#saveEntryBtn</arg>
<status status="NOT RUN" start="2026-04-06T20:34:27.782638" elapsed="0.000207"/>
</kw>
<kw name="Sleep" owner="BuiltIn">
<arg>2s</arg>
<doc>Pauses the test executed for the given time.</doc>
<status status="NOT RUN" start="2026-04-06T20:34:27.783263" elapsed="0.000184"/>
</kw>
<msg time="2026-04-06T20:34:27.855754" level="INFO">Switching context to context=d9b0b31f-4986-414c-ac50-9c169a5a2ce3 in CURRENT</msg>
<msg time="2026-04-06T20:34:27.866979" level="INFO">Successfully changed active context: context=d9b0b31f-4986-414c-ac50-9c169a5a2ce3</msg>
<msg time="2026-04-06T20:34:27.887676" level="INFO">Successfully closed Context</msg>
<status status="FAIL" start="2026-04-06T20:34:22.839215" elapsed="4.944583">Error: locator.click: Unexpected token "#newEntryBtn" while parsing css selector "css:#newEntryBtn". Did you mean to CSS.escape it?
Call log:
  - waiting for css:#newEntryBtn
</status>
</test>
<status status="FAIL" start="2026-04-06T20:34:22.291979" elapsed="5.597754"/>
</suite>
<statistics>
<total>
<stat pass="0" fail="1" skip="0">All Tests</stat>
</total>
<tag>
</tag>
<suite>
<stat name="Teht4" id="s1" pass="0" fail="1" skip="0">Teht4</stat>
</suite>
</statistics>
<errors>
</errors>
</robot>
