<?xml version="1.0" encoding="UTF-8"?>
<robot generator="Robot 7.4.2 (Python 3.14.2 on win32)" generated="2026-04-06T15:49:53.029286" rpa="false" schemaversion="5">
<suite id="s1" name="Tehtava4 Paivakirja Test" source="C:\Users\nice.pavliuk\Sakarin harjoitukset\Projekti\tehtava4_paivakirja_test.robot">
<test id="s1-t1" name="Luonti päiväkirjamerkintä" line="9">
<kw name="Open Browser To VitalFit" type="SETUP">
<msg time="2026-04-06T15:49:53.999705" level="FAIL">No keyword with name 'Open Browser To VitalFit' found. Did you try using keyword 'Browser.Open Browser' and forgot to use enough whitespace between keyword and arguments?</msg>
<status status="FAIL" start="2026-04-06T15:49:53.999144" elapsed="0.000645">No keyword with name 'Open Browser To VitalFit' found. Did you try using keyword 'Browser.Open Browser' and forgot to use enough whitespace between keyword and arguments?</status>
</kw>
<kw name="Close Browser" owner="Browser" type="TEARDOWN">
<msg time="2026-04-06T15:49:54.050180" level="INFO">Starting Browser process C:\Users\nice.pavliuk\AppData\Roaming\Python\Python314\site-packages\Browser\wrapper\index.js using at 127.0.0.1:56581</msg>
<msg time="2026-04-06T15:49:56.789007" level="INFO">No browser open, doing nothing</msg>
<tag>BrowserControl</tag>
<tag>Setter</tag>
<doc>Closes the current browser.</doc>
<status status="PASS" start="2026-04-06T15:49:54.000241" elapsed="2.789316"/>
</kw>
<status status="FAIL" start="2026-04-06T15:49:53.995933" elapsed="2.795572">Setup failed:
No keyword with name 'Open Browser To VitalFit' found. Did you try using keyword 'Browser.Open Browser' and forgot to use enough whitespace between keyword and arguments?</status>
</test>
<doc>Tehtävä 4: Päiväkirjamerkinnän luonti E2E testi</doc>
<status status="FAIL" start="2026-04-06T15:49:53.032356" elapsed="3.795584"/>
</suite>
<statistics>
<total>
<stat pass="0" fail="1" skip="0">All Tests</stat>
</total>
<tag>
</tag>
<suite>
<stat name="Tehtava4 Paivakirja Test" id="s1" pass="0" fail="1" skip="0">Tehtava4 Paivakirja Test</stat>
</suite>
</statistics>
<errors>
</errors>
</robot>
